/home/runner/work/application/application/output/effective.xml:153:19: error: element "usecase" missing required attributes "id" and "title"
/home/runner/work/application/application/output/effective.xml:153:19: error: element "usecase" incomplete; missing required element "description"
/home/runner/work/application/application/output/effective.xml:154:19: error: element "usecase" missing required attributes "id" and "title"
/home/runner/work/application/application/output/effective.xml:154:19: error: element "usecase" incomplete; missing required element "description"
/home/runner/work/application/application/output/effective.xml:155:43: error: element "usecase" missing required attribute "id"
/home/runner/work/application/application/output/effective.xml:156:23: error: element "definition" not allowed anywhere; expected element "description"
/home/runner/work/application/application/output/effective.xml:157:19: error: element "usecase" incomplete; missing required element "description"
/home/runner/work/application/application/output/effective.xml:158:46: error: element "usecase" missing required attribute "id"
/home/runner/work/application/application/output/effective.xml:159:23: error: element "definition" not allowed anywhere; expected element "description"
/home/runner/work/application/application/output/effective.xml:160:19: error: element "usecase" incomplete; missing required element "description"
/home/runner/work/application/application/output/effective.xml:161:40: error: element "usecase" missing required attribute "id"
/home/runner/work/application/application/output/effective.xml:162:23: error: element "definition" not allowed anywhere; expected element "description"
/home/runner/work/application/application/output/effective.xml:163:19: error: element "usecase" incomplete; missing required element "description"
/home/runner/work/application/application/output/effective.xml:187:27: error: element "reformattedThreats" not allowed anywhere; expected the element end-tag, text, element "_", "assignable", "choice", "comment", "ctr", "depends", "endnote", "equation", "external-doc", "figure", "if-opt-app", "implements", "no-link", "provides", "refinement", "requires", "rule", "section", "selectables", "snip", "testlist" or "xref" or an element from another namespace
/home/runner/work/application/application/output/effective.xml:225:19: error: element "reformattedThreats" not allowed anywhere; expected the element end-tag, text, element "_", "assignable", "choice", "comment", "ctr", "depends", "endnote", "equation", "external-doc", "figure", "if-opt-app", "implements", "no-link", "provides", "refinement", "requires", "rule", "section", "selectables", "snip", "testlist" or "xref" or an element from another namespace
/home/runner/work/application/application/output/effective.xml:230:31: error: element "reformattedAssumptions" not allowed anywhere; expected the element end-tag, text, element "_", "assignable", "choice", "comment", "ctr", "depends", "endnote", "equation", "external-doc", "figure", "if-opt-app", "implements", "no-link", "provides", "refinement", "requires", "rule", "section", "selectables", "snip", "testlist" or "xref" or an element from another namespace
/home/runner/work/application/application/output/effective.xml:234:24: error: element "assumption" incomplete; missing required element "objective-refer"
/home/runner/work/application/application/output/effective.xml:237:24: error: element "assumption" incomplete; missing required element "objective-refer"
/home/runner/work/application/application/output/effective.xml:240:24: error: element "assumption" incomplete; missing required element "objective-refer"
/home/runner/work/application/application/output/effective.xml:241:23: error: element "assumption" incomplete; missing required element "objective-refer"
/home/runner/work/application/application/output/effective.xml:246:14: error: element "OSPs" not allowed here; expected the element end-tag, text, element "_", "assignable", "choice", "comment", "ctr", "depends", "endnote", "equation", "external-doc", "figure", "if-opt-app", "implements", "no-link", "provides", "refinement", "requires", "rule", "section", "selectables", "snip", "testlist" or "xref" or an element from another namespace
/home/runner/work/application/application/output/effective.xml:260:12: error: element "SOs" not allowed here; expected the element end-tag, text, element "_", "assignable", "choice", "comment", "ctr", "depends", "endnote", "equation", "external-doc", "figure", "if-opt-app", "implements", "no-link", "provides", "refinement", "requires", "rule", "section", "selectables", "snip", "testlist" or "xref" or an element from another namespace
/home/runner/work/application/application/output/effective.xml:368:13: error: element "SOEs" not allowed here; expected the element end-tag, text, element "_", "assignable", "choice", "comment", "ctr", "depends", "endnote", "equation", "external-doc", "figure", "if-opt-app", "implements", "no-link", "provides", "refinement", "requires", "rule", "section", "selectables", "snip", "testlist" or "xref" or an element from another namespace
/home/runner/work/application/application/output/effective.xml:390:100: error: element "f-component" not allowed here; expected the element end-tag, text, element "_", "assignable", "choice", "comment", "ctr", "depends", "endnote", "equation", "external-doc", "figure", "if-opt-app", "implements", "no-link", "provides", "refinement", "requires", "rule", "section", "selectables", "snip", "testlist" or "xref" or an element from another namespace
/home/runner/work/application/application/output/effective.xml:409:144: error: element "f-component" not allowed here; expected the element end-tag, text, element "_", "assignable", "choice", "comment", "ctr", "depends", "endnote", "equation", "external-doc", "figure", "if-opt-app", "implements", "no-link", "provides", "refinement", "requires", "rule", "section", "selectables", "snip", "testlist" or "xref" or an element from another namespace
/home/runner/work/application/application/output/effective.xml:514:121: error: element "f-component" not allowed here; expected the element end-tag, text, element "_", "assignable", "choice", "comment", "ctr", "depends", "endnote", "equation", "external-doc", "figure", "if-opt-app", "implements", "no-link", "provides", "refinement", "requires", "rule", "section", "selectables", "snip", "testlist" or "xref" or an element from another namespace
/home/runner/work/application/application/output/effective.xml:519:41: error: element "aactivity" incomplete; expected text, element "Guidance", "KMD", "TSS", "Tests", "_", "also", "assignable", "choice", "comment", "ctr", "depends", "endnote", "equation", "external-doc", "figure", "if-opt-app", "implements", "no-link", "no-tests", "provides", "refinement", "requires", "rule", "selectables", "snip", "testlist" or "xref" or an element from another namespace
/home/runner/work/application/application/output/effective.xml:554:141: error: element "f-component" not allowed here; expected the element end-tag, text, element "_", "assignable", "choice", "comment", "ctr", "depends", "endnote", "equation", "external-doc", "figure", "if-opt-app", "implements", "no-link", "provides", "refinement", "requires", "rule", "section", "selectables", "snip", "testlist" or "xref" or an element from another namespace
/home/runner/work/application/application/output/effective.xml:580:113: error: element "f-component" not allowed here; expected the element end-tag, text, element "_", "assignable", "choice", "comment", "ctr", "depends", "endnote", "equation", "external-doc", "figure", "if-opt-app", "implements", "no-link", "provides", "refinement", "requires", "rule", "section", "selectables", "snip", "testlist" or "xref" or an element from another namespace
/home/runner/work/application/application/output/effective.xml:697:132: error: element "f-component" not allowed here; expected the element end-tag, text, element "_", "assignable", "choice", "comment", "ctr", "depends", "endnote", "equation", "external-doc", "figure", "if-opt-app", "implements", "no-link", "provides", "refinement", "requires", "rule", "section", "selectables", "snip", "testlist" or "xref" or an element from another namespace
/home/runner/work/application/application/output/effective.xml:735:27: error: element "testList" not allowed anywhere; expected the element end-tag, text, element "_", "assignable", "choice", "comment", "ctr", "depends", "endnote", "equation", "evidence", "external-doc", "figure", "if-opt-app", "implements", "no-link", "provides", "refinement", "requires", "rule", "selectables", "snip", "subaactivity", "test-obj", "testlist" or "xref" or an element from another namespace
/home/runner/work/application/application/output/effective.xml:745:37: error: element "testList" not allowed anywhere; expected the element end-tag, text, element "_", "assignable", "choice", "comment", "ctr", "depends", "endnote", "equation", "evidence", "external-doc", "figure", "if-opt-app", "implements", "no-link", "provides", "refinement", "requires", "rule", "selectables", "snip", "subaactivity", "test-obj", "testlist" or "xref" or an element from another namespace
/home/runner/work/application/application/output/effective.xml:752:37: error: element "testList" not allowed anywhere; expected the element end-tag, text, element "_", "assignable", "choice", "comment", "ctr", "depends", "endnote", "equation", "evidence", "external-doc", "figure", "if-opt-app", "implements", "no-link", "provides", "refinement", "requires", "rule", "selectables", "snip", "subaactivity", "test-obj", "testlist" or "xref" or an element from another namespace
/home/runner/work/application/application/output/effective.xml:758:50: error: element "testList" not allowed anywhere; expected the element end-tag, text, element "_", "assignable", "choice", "comment", "ctr", "depends", "endnote", "equation", "evidence", "external-doc", "figure", "if-opt-app", "implements", "no-link", "provides", "refinement", "requires", "rule", "selectables", "snip", "subaactivity", "test-obj", "testlist" or "xref" or an element from another namespace
/home/runner/work/application/application/output/effective.xml:764:59: error: element "testList" not allowed anywhere; expected the element end-tag, text, element "_", "assignable", "choice", "comment", "ctr", "depends", "endnote", "equation", "evidence", "external-doc", "figure", "if-opt-app", "implements", "no-link", "provides", "refinement", "requires", "rule", "selectables", "snip", "subaactivity", "test-obj", "testlist" or "xref" or an element from another namespace
/home/runner/work/application/application/output/effective.xml:771:21: error: element "testList" not allowed anywhere; expected the element end-tag, text, element "_", "assignable", "choice", "comment", "ctr", "depends", "endnote", "equation", "evidence", "external-doc", "figure", "if-opt-app", "implements", "no-link", "provides", "refinement", "requires", "rule", "selectables", "snip", "subaactivity", "test-obj", "testlist" or "xref" or an element from another namespace
/home/runner/work/application/application/output/effective.xml:778:167: error: element "f-component" not allowed here; expected the element end-tag, text, element "_", "assignable", "choice", "comment", "ctr", "depends", "endnote", "equation", "external-doc", "figure", "if-opt-app", "implements", "no-link", "provides", "refinement", "requires", "rule", "section", "selectables", "snip", "testlist" or "xref" or an element from another namespace
/home/runner/work/application/application/output/effective.xml:807:131: error: element "f-component" not allowed here; expected the element end-tag, text, element "_", "assignable", "choice", "comment", "ctr", "depends", "endnote", "equation", "external-doc", "figure", "if-opt-app", "implements", "no-link", "provides", "refinement", "requires", "rule", "section", "selectables", "snip", "testlist" or "xref" or an element from another namespace
/home/runner/work/application/application/output/effective.xml:834:27: error: element "testList" not allowed anywhere; expected the element end-tag, text, element "_", "assignable", "choice", "comment", "ctr", "depends", "endnote", "equation", "evidence", "external-doc", "figure", "if-opt-app", "implements", "no-link", "provides", "refinement", "requires", "rule", "selectables", "snip", "subaactivity", "test-obj", "testlist" or "xref" or an element from another namespace
/home/runner/work/application/application/output/effective.xml:844:15: error: element "testList" not allowed anywhere; expected the element end-tag, text, element "_", "assignable", "choice", "comment", "ctr", "depends", "endnote", "equation", "evidence", "external-doc", "figure", "if-opt-app", "implements", "no-link", "provides", "refinement", "requires", "rule", "selectables", "snip", "subaactivity", "test-obj", "testlist" or "xref" or an element from another namespace
/home/runner/work/application/application/output/effective.xml:851:15: error: element "testList" not allowed anywhere; expected the element end-tag, text, element "_", "assignable", "choice", "comment", "ctr", "depends", "endnote", "equation", "evidence", "external-doc", "figure", "if-opt-app", "implements", "no-link", "provides", "refinement", "requires", "rule", "selectables", "snip", "subaactivity", "test-obj", "testlist" or "xref" or an element from another namespace
/home/runner/work/application/application/output/effective.xml:853:27: error: element "testList" not allowed anywhere; expected the element end-tag, text, element "_", "assignable", "choice", "comment", "ctr", "depends", "endnote", "equation", "evidence", "external-doc", "figure", "if-opt-app", "implements", "no-link", "provides", "refinement", "requires", "rule", "selectables", "snip", "subaactivity", "test-obj", "testlist" or "xref" or an element from another namespace
/home/runner/work/application/application/output/effective.xml:866:15: error: element "testList" not allowed anywhere; expected the element end-tag, text, element "_", "assignable", "choice", "comment", "ctr", "depends", "endnote", "equation", "evidence", "external-doc", "figure", "if-opt-app", "implements", "no-link", "provides", "refinement", "requires", "rule", "selectables", "snip", "subaactivity", "test-obj", "testlist" or "xref" or an element from another namespace
/home/runner/work/application/application/output/effective.xml:874:15: error: element "testList" not allowed anywhere; expected the element end-tag, text, element "_", "assignable", "choice", "comment", "ctr", "depends", "endnote", "equation", "evidence", "external-doc", "figure", "if-opt-app", "implements", "no-link", "provides", "refinement", "requires", "rule", "selectables", "snip", "subaactivity", "test-obj", "testlist" or "xref" or an element from another namespace
/home/runner/work/application/application/output/effective.xml:881:147: error: element "f-component" not allowed here; expected the element end-tag, text, element "_", "assignable", "choice", "comment", "ctr", "depends", "endnote", "equation", "external-doc", "figure", "if-opt-app", "implements", "no-link", "provides", "refinement", "requires", "rule", "section", "selectables", "snip", "testlist" or "xref" or an element from another namespace
/home/runner/work/application/application/output/effective.xml:1114:134: error: element "f-component" not allowed here; expected the element end-tag, text, element "_", "assignable", "choice", "comment", "ctr", "depends", "endnote", "equation", "external-doc", "figure", "if-opt-app", "implements", "no-link", "provides", "refinement", "requires", "rule", "section", "selectables", "snip", "testlist" or "xref" or an element from another namespace
/home/runner/work/application/application/output/effective.xml:1154:27: error: element "testList" not allowed anywhere; expected the element end-tag, text, element "_", "assignable", "choice", "comment", "ctr", "depends", "endnote", "equation", "evidence", "external-doc", "figure", "if-opt-app", "implements", "no-link", "provides", "refinement", "requires", "rule", "selectables", "snip", "subaactivity", "test-obj", "testlist" or "xref" or an element from another namespace
/home/runner/work/application/application/output/effective.xml:1171:15: error: element "testList" not allowed anywhere; expected the element end-tag, text, element "_", "assignable", "choice", "comment", "ctr", "depends", "endnote", "equation", "evidence", "external-doc", "figure", "if-opt-app", "implements", "no-link", "provides", "refinement", "requires", "rule", "selectables", "snip", "subaactivity", "test-obj", "testlist" or "xref" or an element from another namespace
/home/runner/work/application/application/output/effective.xml:1178:134: error: element "f-component" not allowed here; expected the element end-tag, text, element "_", "assignable", "choice", "comment", "ctr", "depends", "endnote", "equation", "external-doc", "figure", "if-opt-app", "implements", "no-link", "provides", "refinement", "requires", "rule", "section", "selectables", "snip", "testlist" or "xref" or an element from another namespace
/home/runner/work/application/application/output/effective.xml:1207:135: error: element "f-component" not allowed here; expected the element end-tag, text, element "_", "assignable", "choice", "comment", "ctr", "depends", "endnote", "equation", "external-doc", "figure", "if-opt-app", "implements", "no-link", "provides", "refinement", "requires", "rule", "section", "selectables", "snip", "testlist" or "xref" or an element from another namespace
/home/runner/work/application/application/output/effective.xml:1223:27: error: element "testList" not allowed anywhere; expected the element end-tag, text, element "_", "assignable", "choice", "comment", "ctr", "depends", "endnote", "equation", "evidence", "external-doc", "figure", "if-opt-app", "implements", "no-link", "provides", "refinement", "requires", "rule", "selectables", "snip", "subaactivity", "test-obj", "testlist" or "xref" or an element from another namespace
/home/runner/work/application/application/output/effective.xml:1235:33: error: element "testList" not allowed anywhere; expected the element end-tag, text, element "_", "assignable", "choice", "comment", "ctr", "depends", "endnote", "equation", "evidence", "external-doc", "figure", "if-opt-app", "implements", "no-link", "provides", "refinement", "requires", "rule", "selectables", "snip", "subaactivity", "test-obj", "testlist" or "xref" or an element from another namespace
/home/runner/work/application/application/output/effective.xml:1242:101: error: element "f-component" not allowed here; expected the element end-tag, text, element "_", "assignable", "choice", "comment", "ctr", "depends", "endnote", "equation", "external-doc", "figure", "if-opt-app", "implements", "no-link", "provides", "refinement", "requires", "rule", "section", "selectables", "snip", "testlist" or "xref" or an element from another namespace
/home/runner/work/application/application/output/effective.xml:1288:27: error: element "testList" not allowed anywhere; expected the element end-tag, text, element "_", "assignable", "choice", "comment", "ctr", "depends", "endnote", "equation", "evidence", "external-doc", "figure", "if-opt-app", "implements", "no-link", "provides", "refinement", "requires", "rule", "selectables", "snip", "subaactivity", "test-obj", "testlist" or "xref" or an element from another namespace
/home/runner/work/application/application/output/effective.xml:1293:14: error: element "testList" not allowed anywhere; expected the element end-tag, text, element "_", "assignable", "choice", "comment", "ctr", "depends", "endnote", "equation", "evidence", "external-doc", "figure", "if-opt-app", "implements", "no-link", "provides", "refinement", "requires", "rule", "selectables", "snip", "subaactivity", "test-obj", "testlist" or "xref" or an element from another namespace
/home/runner/work/application/application/output/effective.xml:1295:27: error: element "testList" not allowed anywhere; expected the element end-tag, text, element "_", "assignable", "choice", "comment", "ctr", "depends", "endnote", "equation", "evidence", "external-doc", "figure", "if-opt-app", "implements", "no-link", "provides", "refinement", "requires", "rule", "selectables", "snip", "subaactivity", "test-obj", "testlist" or "xref" or an element from another namespace
/home/runner/work/application/application/output/effective.xml:1304:37: error: element "testList" not allowed anywhere; expected the element end-tag, text, element "_", "assignable", "choice", "comment", "ctr", "depends", "endnote", "equation", "evidence", "external-doc", "figure", "if-opt-app", "implements", "no-link", "provides", "refinement", "requires", "rule", "selectables", "snip", "subaactivity", "test-obj", "testlist" or "xref" or an element from another namespace
/home/runner/work/application/application/output/effective.xml:1306:27: error: element "testList" not allowed anywhere; expected the element end-tag, text, element "_", "assignable", "choice", "comment", "ctr", "depends", "endnote", "equation", "evidence", "external-doc", "figure", "if-opt-app", "implements", "no-link", "provides", "refinement", "requires", "rule", "selectables", "snip", "subaactivity", "test-obj", "testlist" or "xref" or an element from another namespace
/home/runner/work/application/application/output/effective.xml:1310:14: error: element "testList" not allowed anywhere; expected the element end-tag, text, element "_", "assignable", "choice", "comment", "ctr", "depends", "endnote", "equation", "evidence", "external-doc", "figure", "if-opt-app", "implements", "no-link", "provides", "refinement", "requires", "rule", "selectables", "snip", "subaactivity", "test-obj", "testlist" or "xref" or an element from another namespace
/home/runner/work/application/application/output/effective.xml:1312:27: error: element "testList" not allowed anywhere; expected the element end-tag, text, element "_", "assignable", "choice", "comment", "ctr", "depends", "endnote", "equation", "evidence", "external-doc", "figure", "if-opt-app", "implements", "no-link", "provides", "refinement", "requires", "rule", "selectables", "snip", "subaactivity", "test-obj", "testlist" or "xref" or an element from another namespace
/home/runner/work/application/application/output/effective.xml:1316:14: error: element "testList" not allowed anywhere; expected the element end-tag, text, element "_", "assignable", "choice", "comment", "ctr", "depends", "endnote", "equation", "evidence", "external-doc", "figure", "if-opt-app", "implements", "no-link", "provides", "refinement", "requires", "rule", "selectables", "snip", "subaactivity", "test-obj", "testlist" or "xref" or an element from another namespace
/home/runner/work/application/application/output/effective.xml:1318:27: error: element "testList" not allowed anywhere; expected the element end-tag, text, element "_", "assignable", "choice", "comment", "ctr", "depends", "endnote", "equation", "evidence", "external-doc", "figure", "if-opt-app", "implements", "no-link", "provides", "refinement", "requires", "rule", "selectables", "snip", "subaactivity", "test-obj", "testlist" or "xref" or an element from another namespace
/home/runner/work/application/application/output/effective.xml:1321:14: error: element "testList" not allowed anywhere; expected the element end-tag, text, element "_", "assignable", "choice", "comment", "ctr", "depends", "endnote", "equation", "evidence", "external-doc", "figure", "if-opt-app", "implements", "no-link", "provides", "refinement", "requires", "rule", "selectables", "snip", "subaactivity", "test-obj", "testlist" or "xref" or an element from another namespace
/home/runner/work/application/application/output/effective.xml:1323:27: error: element "testList" not allowed anywhere; expected the element end-tag, text, element "_", "assignable", "choice", "comment", "ctr", "depends", "endnote", "equation", "evidence", "external-doc", "figure", "if-opt-app", "implements", "no-link", "provides", "refinement", "requires", "rule", "selectables", "snip", "subaactivity", "test-obj", "testlist" or "xref" or an element from another namespace
/home/runner/work/application/application/output/effective.xml:1326:14: error: element "testList" not allowed anywhere; expected the element end-tag, text, element "_", "assignable", "choice", "comment", "ctr", "depends", "endnote", "equation", "evidence", "external-doc", "figure", "if-opt-app", "implements", "no-link", "provides", "refinement", "requires", "rule", "selectables", "snip", "subaactivity", "test-obj", "testlist" or "xref" or an element from another namespace
/home/runner/work/application/application/output/effective.xml:1333:128: error: element "f-component" not allowed here; expected the element end-tag, text, element "_", "assignable", "choice", "comment", "ctr", "depends", "endnote", "equation", "external-doc", "figure", "if-opt-app", "implements", "no-link", "provides", "refinement", "requires", "rule", "section", "selectables", "snip", "testlist" or "xref" or an element from another namespace
/home/runner/work/application/application/output/effective.xml:1362:27: error: element "testList" not allowed anywhere; expected the element end-tag, text, element "_", "assignable", "choice", "comment", "ctr", "depends", "endnote", "equation", "evidence", "external-doc", "figure", "if-opt-app", "implements", "no-link", "provides", "refinement", "requires", "rule", "selectables", "snip", "subaactivity", "test-obj", "testlist" or "xref" or an element from another namespace
/home/runner/work/application/application/output/effective.xml:1377:15: error: element "testList" not allowed anywhere; expected the element end-tag, text, element "_", "assignable", "choice", "comment", "ctr", "depends", "endnote", "equation", "evidence", "external-doc", "figure", "if-opt-app", "implements", "no-link", "provides", "refinement", "requires", "rule", "selectables", "snip", "subaactivity", "test-obj", "testlist" or "xref" or an element from another namespace
/home/runner/work/application/application/output/effective.xml:1389:15: error: element "testList" not allowed anywhere; expected the element end-tag, text, element "_", "assignable", "choice", "comment", "ctr", "depends", "endnote", "equation", "evidence", "external-doc", "figure", "if-opt-app", "implements", "no-link", "provides", "refinement", "requires", "rule", "selectables", "snip", "subaactivity", "test-obj", "testlist" or "xref" or an element from another namespace
/home/runner/work/application/application/output/effective.xml:1391:27: error: element "testList" not allowed anywhere; expected the element end-tag, text, element "_", "assignable", "choice", "comment", "ctr", "depends", "endnote", "equation", "evidence", "external-doc", "figure", "if-opt-app", "implements", "no-link", "provides", "refinement", "requires", "rule", "selectables", "snip", "subaactivity", "test-obj", "testlist" or "xref" or an element from another namespace
/home/runner/work/application/application/output/effective.xml:1430:15: error: element "testList" not allowed anywhere; expected the element end-tag, text, element "_", "assignable", "choice", "comment", "ctr", "depends", "endnote", "equation", "evidence", "external-doc", "figure", "if-opt-app", "implements", "no-link", "provides", "refinement", "requires", "rule", "selectables", "snip", "subaactivity", "test-obj", "testlist" or "xref" or an element from another namespace
/home/runner/work/application/application/output/effective.xml:1463:93: error: element "f-component" not allowed here; expected the element end-tag, text, element "_", "assignable", "choice", "comment", "ctr", "depends", "endnote", "equation", "external-doc", "figure", "if-opt-app", "implements", "no-link", "provides", "refinement", "requires", "rule", "section", "selectables", "snip", "testlist" or "xref" or an element from another namespace
/home/runner/work/application/application/output/effective.xml:1496:27: error: element "testList" not allowed anywhere; expected the element end-tag, text, element "_", "assignable", "choice", "comment", "ctr", "depends", "endnote", "equation", "evidence", "external-doc", "figure", "if-opt-app", "implements", "no-link", "provides", "refinement", "requires", "rule", "selectables", "snip", "subaactivity", "test-obj", "testlist" or "xref" or an element from another namespace
/home/runner/work/application/application/output/effective.xml:1499:14: error: element "testList" not allowed anywhere; expected the element end-tag, text, element "_", "assignable", "choice", "comment", "ctr", "depends", "endnote", "equation", "evidence", "external-doc", "figure", "if-opt-app", "implements", "no-link", "provides", "refinement", "requires", "rule", "selectables", "snip", "subaactivity", "test-obj", "testlist" or "xref" or an element from another namespace
/home/runner/work/application/application/output/effective.xml:1501:27: error: element "testList" not allowed anywhere; expected the element end-tag, text, element "_", "assignable", "choice", "comment", "ctr", "depends", "endnote", "equation", "evidence", "external-doc", "figure", "if-opt-app", "implements", "no-link", "provides", "refinement", "requires", "rule", "selectables", "snip", "subaactivity", "test-obj", "testlist" or "xref" or an element from another namespace
/home/runner/work/application/application/output/effective.xml:1508:14: error: element "testList" not allowed anywhere; expected the element end-tag, text, element "_", "assignable", "choice", "comment", "ctr", "depends", "endnote", "equation", "evidence", "external-doc", "figure", "if-opt-app", "implements", "no-link", "provides", "refinement", "requires", "rule", "selectables", "snip", "subaactivity", "test-obj", "testlist" or "xref" or an element from another namespace
/home/runner/work/application/application/output/effective.xml:1510:27: error: element "testList" not allowed anywhere; expected the element end-tag, text, element "_", "assignable", "choice", "comment", "ctr", "depends", "endnote", "equation", "evidence", "external-doc", "figure", "if-opt-app", "implements", "no-link", "provides", "refinement", "requires", "rule", "selectables", "snip", "subaactivity", "test-obj", "testlist" or "xref" or an element from another namespace
/home/runner/work/application/application/output/effective.xml:1514:14: error: element "testList" not allowed anywhere; expected the element end-tag, text, element "_", "assignable", "choice", "comment", "ctr", "depends", "endnote", "equation", "evidence", "external-doc", "figure", "if-opt-app", "implements", "no-link", "provides", "refinement", "requires", "rule", "selectables", "snip", "subaactivity", "test-obj", "testlist" or "xref" or an element from another namespace
/home/runner/work/application/application/output/effective.xml:1516:27: error: element "testList" not allowed anywhere; expected the element end-tag, text, element "_", "assignable", "choice", "comment", "ctr", "depends", "endnote", "equation", "evidence", "external-doc", "figure", "if-opt-app", "implements", "no-link", "provides", "refinement", "requires", "rule", "selectables", "snip", "subaactivity", "test-obj", "testlist" or "xref" or an element from another namespace
/home/runner/work/application/application/output/effective.xml:1519:14: error: element "testList" not allowed anywhere; expected the element end-tag, text, element "_", "assignable", "choice", "comment", "ctr", "depends", "endnote", "equation", "evidence", "external-doc", "figure", "if-opt-app", "implements", "no-link", "provides", "refinement", "requires", "rule", "selectables", "snip", "subaactivity", "test-obj", "testlist" or "xref" or an element from another namespace
/home/runner/work/application/application/output/effective.xml:1521:27: error: element "testList" not allowed anywhere; expected the element end-tag, text, element "_", "assignable", "choice", "comment", "ctr", "depends", "endnote", "equation", "evidence", "external-doc", "figure", "if-opt-app", "implements", "no-link", "provides", "refinement", "requires", "rule", "selectables", "snip", "subaactivity", "test-obj", "testlist" or "xref" or an element from another namespace
/home/runner/work/application/application/output/effective.xml:1525:14: error: element "testList" not allowed anywhere; expected the element end-tag, text, element "_", "assignable", "choice", "comment", "ctr", "depends", "endnote", "equation", "evidence", "external-doc", "figure", "if-opt-app", "implements", "no-link", "provides", "refinement", "requires", "rule", "selectables", "snip", "subaactivity", "test-obj", "testlist" or "xref" or an element from another namespace
/home/runner/work/application/application/output/effective.xml:1527:27: error: element "testList" not allowed anywhere; expected the element end-tag, text, element "_", "assignable", "choice", "comment", "ctr", "depends", "endnote", "equation", "evidence", "external-doc", "figure", "if-opt-app", "implements", "no-link", "provides", "refinement", "requires", "rule", "selectables", "snip", "subaactivity", "test-obj", "testlist" or "xref" or an element from another namespace
/home/runner/work/application/application/output/effective.xml:1529:63: error: element "testList" not allowed anywhere; expected the element end-tag, text, element "_", "assignable", "choice", "comment", "ctr", "depends", "endnote", "equation", "evidence", "external-doc", "figure", "if-opt-app", "implements", "no-link", "provides", "refinement", "requires", "rule", "selectables", "snip", "subaactivity", "test-obj", "testlist" or "xref" or an element from another namespace
/home/runner/work/application/application/output/effective.xml:1539:111: error: element "f-component" not allowed here; expected the element end-tag, text, element "_", "assignable", "choice", "comment", "ctr", "depends", "endnote", "equation", "external-doc", "figure", "if-opt-app", "implements", "no-link", "provides", "refinement", "requires", "rule", "section", "selectables", "snip", "testlist" or "xref" or an element from another namespace
/home/runner/work/application/application/output/effective.xml:1569:27: error: element "testList" not allowed anywhere; expected the element end-tag, text, element "_", "assignable", "choice", "comment", "ctr", "depends", "endnote", "equation", "evidence", "external-doc", "figure", "if-opt-app", "implements", "no-link", "provides", "refinement", "requires", "rule", "selectables", "snip", "subaactivity", "test-obj", "testlist" or "xref" or an element from another namespace
/home/runner/work/application/application/output/effective.xml:1573:14: error: element "testList" not allowed anywhere; expected the element end-tag, text, element "_", "assignable", "choice", "comment", "ctr", "depends", "endnote", "equation", "evidence", "external-doc", "figure", "if-opt-app", "implements", "no-link", "provides", "refinement", "requires", "rule", "selectables", "snip", "subaactivity", "test-obj", "testlist" or "xref" or an element from another namespace
/home/runner/work/application/application/output/effective.xml:1575:27: error: element "testList" not allowed anywhere; expected the element end-tag, text, element "_", "assignable", "choice", "comment", "ctr", "depends", "endnote", "equation", "evidence", "external-doc", "figure", "if-opt-app", "implements", "no-link", "provides", "refinement", "requires", "rule", "selectables", "snip", "subaactivity", "test-obj", "testlist" or "xref" or an element from another namespace
/home/runner/work/application/application/output/effective.xml:1581:14: error: element "testList" not allowed anywhere; expected the element end-tag, text, element "_", "assignable", "choice", "comment", "ctr", "depends", "endnote", "equation", "evidence", "external-doc", "figure", "if-opt-app", "implements", "no-link", "provides", "refinement", "requires", "rule", "selectables", "snip", "subaactivity", "test-obj", "testlist" or "xref" or an element from another namespace
/home/runner/work/application/application/output/effective.xml:1583:27: error: element "testList" not allowed anywhere; expected the element end-tag, text, element "_", "assignable", "choice", "comment", "ctr", "depends", "endnote", "equation", "evidence", "external-doc", "figure", "if-opt-app", "implements", "no-link", "provides", "refinement", "requires", "rule", "selectables", "snip", "subaactivity", "test-obj", "testlist" or "xref" or an element from another namespace
/home/runner/work/application/application/output/effective.xml:1588:14: error: element "testList" not allowed anywhere; expected the element end-tag, text, element "_", "assignable", "choice", "comment", "ctr", "depends", "endnote", "equation", "evidence", "external-doc", "figure", "if-opt-app", "implements", "no-link", "provides", "refinement", "requires", "rule", "selectables", "snip", "subaactivity", "test-obj", "testlist" or "xref" or an element from another namespace
/home/runner/work/application/application/output/effective.xml:1590:27: error: element "testList" not allowed anywhere; expected the element end-tag, text, element "_", "assignable", "choice", "comment", "ctr", "depends", "endnote", "equation", "evidence", "external-doc", "figure", "if-opt-app", "implements", "no-link", "provides", "refinement", "requires", "rule", "selectables", "snip", "subaactivity", "test-obj", "testlist" or "xref" or an element from another namespace
/home/runner/work/application/application/output/effective.xml:1596:14: error: element "testList" not allowed anywhere; expected the element end-tag, text, element "_", "assignable", "choice", "comment", "ctr", "depends", "endnote", "equation", "evidence", "external-doc", "figure", "if-opt-app", "implements", "no-link", "provides", "refinement", "requires", "rule", "selectables", "snip", "subaactivity", "test-obj", "testlist" or "xref" or an element from another namespace
/home/runner/work/application/application/output/effective.xml:1598:27: error: element "testList" not allowed anywhere; expected the element end-tag, text, element "_", "assignable", "choice", "comment", "ctr", "depends", "endnote", "equation", "evidence", "external-doc", "figure", "if-opt-app", "implements", "no-link", "provides", "refinement", "requires", "rule", "selectables", "snip", "subaactivity", "test-obj", "testlist" or "xref" or an element from another namespace
/home/runner/work/application/application/output/effective.xml:1604:14: error: element "testList" not allowed anywhere; expected the element end-tag, text, element "_", "assignable", "choice", "comment", "ctr", "depends", "endnote", "equation", "evidence", "external-doc", "figure", "if-opt-app", "implements", "no-link", "provides", "refinement", "requires", "rule", "selectables", "snip", "subaactivity", "test-obj", "testlist" or "xref" or an element from another namespace
/home/runner/work/application/application/output/effective.xml:1606:27: error: element "testList" not allowed anywhere; expected the element end-tag, text, element "_", "assignable", "choice", "comment", "ctr", "depends", "endnote", "equation", "evidence", "external-doc", "figure", "if-opt-app", "implements", "no-link", "provides", "refinement", "requires", "rule", "selectables", "snip", "subaactivity", "test-obj", "testlist" or "xref" or an element from another namespace
/home/runner/work/application/application/output/effective.xml:1612:14: error: element "testList" not allowed anywhere; expected the element end-tag, text, element "_", "assignable", "choice", "comment", "ctr", "depends", "endnote", "equation", "evidence", "external-doc", "figure", "if-opt-app", "implements", "no-link", "provides", "refinement", "requires", "rule", "selectables", "snip", "subaactivity", "test-obj", "testlist" or "xref" or an element from another namespace
/home/runner/work/application/application/output/effective.xml:1619:99: error: element "f-component" not allowed here; expected the element end-tag, text, element "_", "assignable", "choice", "comment", "ctr", "depends", "endnote", "equation", "external-doc", "figure", "if-opt-app", "implements", "no-link", "provides", "refinement", "requires", "rule", "section", "selectables", "snip", "testlist" or "xref" or an element from another namespace
/home/runner/work/application/application/output/effective.xml:1650:27: error: element "testList" not allowed anywhere; expected the element end-tag, text, element "_", "assignable", "choice", "comment", "ctr", "depends", "endnote", "equation", "evidence", "external-doc", "figure", "if-opt-app", "implements", "no-link", "provides", "refinement", "requires", "rule", "selectables", "snip", "subaactivity", "test-obj", "testlist" or "xref" or an element from another namespace
/home/runner/work/application/application/output/effective.xml:1654:14: error: element "testList" not allowed anywhere; expected the element end-tag, text, element "_", "assignable", "choice", "comment", "ctr", "depends", "endnote", "equation", "evidence", "external-doc", "figure", "if-opt-app", "implements", "no-link", "provides", "refinement", "requires", "rule", "selectables", "snip", "subaactivity", "test-obj", "testlist" or "xref" or an element from another namespace
/home/runner/work/application/application/output/effective.xml:1656:27: error: element "testList" not allowed anywhere; expected the element end-tag, text, element "_", "assignable", "choice", "comment", "ctr", "depends", "endnote", "equation", "evidence", "external-doc", "figure", "if-opt-app", "implements", "no-link", "provides", "refinement", "requires", "rule", "selectables", "snip", "subaactivity", "test-obj", "testlist" or "xref" or an element from another namespace
/home/runner/work/application/application/output/effective.xml:1669:14: error: element "testList" not allowed anywhere; expected the element end-tag, text, element "_", "assignable", "choice", "comment", "ctr", "depends", "endnote", "equation", "evidence", "external-doc", "figure", "if-opt-app", "implements", "no-link", "provides", "refinement", "requires", "rule", "selectables", "snip", "subaactivity", "test-obj", "testlist" or "xref" or an element from another namespace
/home/runner/work/application/application/output/effective.xml:1671:27: error: element "testList" not allowed anywhere; expected the element end-tag, text, element "_", "assignable", "choice", "comment", "ctr", "depends", "endnote", "equation", "evidence", "external-doc", "figure", "if-opt-app", "implements", "no-link", "provides", "refinement", "requires", "rule", "selectables", "snip", "subaactivity", "test-obj", "testlist" or "xref" or an element from another namespace
/home/runner/work/application/application/output/effective.xml:1674:47: error: element "testList" not allowed anywhere; expected the element end-tag, text, element "_", "assignable", "choice", "comment", "ctr", "depends", "endnote", "equation", "evidence", "external-doc", "figure", "if-opt-app", "implements", "no-link", "provides", "refinement", "requires", "rule", "selectables", "snip", "subaactivity", "test-obj", "testlist" or "xref" or an element from another namespace
/home/runner/work/application/application/output/effective.xml:1676:27: error: element "testList" not allowed anywhere; expected the element end-tag, text, element "_", "assignable", "choice", "comment", "ctr", "depends", "endnote", "equation", "evidence", "external-doc", "figure", "if-opt-app", "implements", "no-link", "provides", "refinement", "requires", "rule", "selectables", "snip", "subaactivity", "test-obj", "testlist" or "xref" or an element from another namespace
/home/runner/work/application/application/output/effective.xml:1679:47: error: element "testList" not allowed anywhere; expected the element end-tag, text, element "_", "assignable", "choice", "comment", "ctr", "depends", "endnote", "equation", "evidence", "external-doc", "figure", "if-opt-app", "implements", "no-link", "provides", "refinement", "requires", "rule", "selectables", "snip", "subaactivity", "test-obj", "testlist" or "xref" or an element from another namespace
/home/runner/work/application/application/output/effective.xml:1681:27: error: element "testList" not allowed anywhere; expected the element end-tag, text, element "_", "assignable", "choice", "comment", "ctr", "depends", "endnote", "equation", "evidence", "external-doc", "figure", "if-opt-app", "implements", "no-link", "provides", "refinement", "requires", "rule", "selectables", "snip", "subaactivity", "test-obj", "testlist" or "xref" or an element from another namespace
/home/runner/work/application/application/output/effective.xml:1684:47: error: element "testList" not allowed anywhere; expected the element end-tag, text, element "_", "assignable", "choice", "comment", "ctr", "depends", "endnote", "equation", "evidence", "external-doc", "figure", "if-opt-app", "implements", "no-link", "provides", "refinement", "requires", "rule", "selectables", "snip", "subaactivity", "test-obj", "testlist" or "xref" or an element from another namespace
/home/runner/work/application/application/output/effective.xml:1686:27: error: element "testList" not allowed anywhere; expected the element end-tag, text, element "_", "assignable", "choice", "comment", "ctr", "depends", "endnote", "equation", "evidence", "external-doc", "figure", "if-opt-app", "implements", "no-link", "provides", "refinement", "requires", "rule", "selectables", "snip", "subaactivity", "test-obj", "testlist" or "xref" or an element from another namespace
/home/runner/work/application/application/output/effective.xml:1689:37: error: element "testList" not allowed anywhere; expected the element end-tag, text, element "_", "assignable", "choice", "comment", "ctr", "depends", "endnote", "equation", "evidence", "external-doc", "figure", "if-opt-app", "implements", "no-link", "provides", "refinement", "requires", "rule", "selectables", "snip", "subaactivity", "test-obj", "testlist" or "xref" or an element from another namespace
/home/runner/work/application/application/output/effective.xml:1710:27: error: element "testList" not allowed anywhere; expected the element end-tag, text, element "_", "assignable", "choice", "comment", "ctr", "depends", "endnote", "equation", "evidence", "external-doc", "figure", "if-opt-app", "implements", "no-link", "provides", "refinement", "requires", "rule", "selectables", "snip", "subaactivity", "test-obj", "testlist" or "xref" or an element from another namespace
/home/runner/work/application/application/output/effective.xml:1714:14: error: element "testList" not allowed anywhere; expected the element end-tag, text, element "_", "assignable", "choice", "comment", "ctr", "depends", "endnote", "equation", "evidence", "external-doc", "figure", "if-opt-app", "implements", "no-link", "provides", "refinement", "requires", "rule", "selectables", "snip", "subaactivity", "test-obj", "testlist" or "xref" or an element from another namespace
/home/runner/work/application/application/output/effective.xml:1716:27: error: element "testList" not allowed anywhere; expected the element end-tag, text, element "_", "assignable", "choice", "comment", "ctr", "depends", "endnote", "equation", "evidence", "external-doc", "figure", "if-opt-app", "implements", "no-link", "provides", "refinement", "requires", "rule", "selectables", "snip", "subaactivity", "test-obj", "testlist" or "xref" or an element from another namespace
/home/runner/work/application/application/output/effective.xml:1728:14: error: element "testList" not allowed anywhere; expected the element end-tag, text, element "_", "assignable", "choice", "comment", "ctr", "depends", "endnote", "equation", "evidence", "external-doc", "figure", "if-opt-app", "implements", "no-link", "provides", "refinement", "requires", "rule", "selectables", "snip", "subaactivity", "test-obj", "testlist" or "xref" or an element from another namespace
/home/runner/work/application/application/output/effective.xml:1730:27: error: element "testList" not allowed anywhere; expected the element end-tag, text, element "_", "assignable", "choice", "comment", "ctr", "depends", "endnote", "equation", "evidence", "external-doc", "figure", "if-opt-app", "implements", "no-link", "provides", "refinement", "requires", "rule", "selectables", "snip", "subaactivity", "test-obj", "testlist" or "xref" or an element from another namespace
/home/runner/work/application/application/output/effective.xml:1733:66: error: element "testList" not allowed anywhere; expected the element end-tag, text, element "_", "assignable", "choice", "comment", "ctr", "depends", "endnote", "equation", "evidence", "external-doc", "figure", "if-opt-app", "implements", "no-link", "provides", "refinement", "requires", "rule", "selectables", "snip", "subaactivity", "test-obj", "testlist" or "xref" or an element from another namespace
/home/runner/work/application/application/output/effective.xml:1735:27: error: element "testList" not allowed anywhere; expected the element end-tag, text, element "_", "assignable", "choice", "comment", "ctr", "depends", "endnote", "equation", "evidence", "external-doc", "figure", "if-opt-app", "implements", "no-link", "provides", "refinement", "requires", "rule", "selectables", "snip", "subaactivity", "test-obj", "testlist" or "xref" or an element from another namespace
/home/runner/work/application/application/output/effective.xml:1739:14: error: element "testList" not allowed anywhere; expected the element end-tag, text, element "_", "assignable", "choice", "comment", "ctr", "depends", "endnote", "equation", "evidence", "external-doc", "figure", "if-opt-app", "implements", "no-link", "provides", "refinement", "requires", "rule", "selectables", "snip", "subaactivity", "test-obj", "testlist" or "xref" or an element from another namespace
/home/runner/work/application/application/output/effective.xml:1741:27: error: element "testList" not allowed anywhere; expected the element end-tag, text, element "_", "assignable", "choice", "comment", "ctr", "depends", "endnote", "equation", "evidence", "external-doc", "figure", "if-opt-app", "implements", "no-link", "provides", "refinement", "requires", "rule", "selectables", "snip", "subaactivity", "test-obj", "testlist" or "xref" or an element from another namespace
/home/runner/work/application/application/output/effective.xml:1744:63: error: element "testList" not allowed anywhere; expected the element end-tag, text, element "_", "assignable", "choice", "comment", "ctr", "depends", "endnote", "equation", "evidence", "external-doc", "figure", "if-opt-app", "implements", "no-link", "provides", "refinement", "requires", "rule", "selectables", "snip", "subaactivity", "test-obj", "testlist" or "xref" or an element from another namespace
/home/runner/work/application/application/output/effective.xml:1746:27: error: element "testList" not allowed anywhere; expected the element end-tag, text, element "_", "assignable", "choice", "comment", "ctr", "depends", "endnote", "equation", "evidence", "external-doc", "figure", "if-opt-app", "implements", "no-link", "provides", "refinement", "requires", "rule", "selectables", "snip", "subaactivity", "test-obj", "testlist" or "xref" or an element from another namespace
/home/runner/work/application/application/output/effective.xml:1749:62: error: element "testList" not allowed anywhere; expected the element end-tag, text, element "_", "assignable", "choice", "comment", "ctr", "depends", "endnote", "equation", "evidence", "external-doc", "figure", "if-opt-app", "implements", "no-link", "provides", "refinement", "requires", "rule", "selectables", "snip", "subaactivity", "test-obj", "testlist" or "xref" or an element from another namespace
/home/runner/work/application/application/output/effective.xml:1756:93: error: element "f-component" not allowed here; expected the element end-tag, text, element "_", "assignable", "choice", "comment", "ctr", "depends", "endnote", "equation", "external-doc", "figure", "if-opt-app", "implements", "no-link", "provides", "refinement", "requires", "rule", "section", "selectables", "snip", "testlist" or "xref" or an element from another namespace
/home/runner/work/application/application/output/effective.xml:1771:27: error: element "testList" not allowed anywhere; expected the element end-tag, text, element "_", "assignable", "choice", "comment", "ctr", "depends", "endnote", "equation", "evidence", "external-doc", "figure", "if-opt-app", "implements", "no-link", "provides", "refinement", "requires", "rule", "selectables", "snip", "subaactivity", "test-obj", "testlist" or "xref" or an element from another namespace
/home/runner/work/application/application/output/effective.xml:1779:15: error: element "testList" not allowed anywhere; expected the element end-tag, text, element "_", "assignable", "choice", "comment", "ctr", "depends", "endnote", "equation", "evidence", "external-doc", "figure", "if-opt-app", "implements", "no-link", "provides", "refinement", "requires", "rule", "selectables", "snip", "subaactivity", "test-obj", "testlist" or "xref" or an element from another namespace
/home/runner/work/application/application/output/effective.xml:1787:15: error: element "testList" not allowed anywhere; expected the element end-tag, text, element "_", "assignable", "choice", "comment", "ctr", "depends", "endnote", "equation", "evidence", "external-doc", "figure", "if-opt-app", "implements", "no-link", "provides", "refinement", "requires", "rule", "selectables", "snip", "subaactivity", "test-obj", "testlist" or "xref" or an element from another namespace
/home/runner/work/application/application/output/effective.xml:1789:27: error: element "testList" not allowed anywhere; expected the element end-tag, text, element "_", "assignable", "choice", "comment", "ctr", "depends", "endnote", "equation", "evidence", "external-doc", "figure", "if-opt-app", "implements", "no-link", "provides", "refinement", "requires", "rule", "selectables", "snip", "subaactivity", "test-obj", "testlist" or "xref" or an element from another namespace
/home/runner/work/application/application/output/effective.xml:1797:14: error: element "testList" not allowed anywhere; expected the element end-tag, text, element "_", "assignable", "choice", "comment", "ctr", "depends", "endnote", "equation", "evidence", "external-doc", "figure", "if-opt-app", "implements", "no-link", "provides", "refinement", "requires", "rule", "selectables", "snip", "subaactivity", "test-obj", "testlist" or "xref" or an element from another namespace
/home/runner/work/application/application/output/effective.xml:1807:120: error: element "f-component" not allowed here; expected the element end-tag, text, element "_", "assignable", "choice", "comment", "ctr", "depends", "endnote", "equation", "external-doc", "figure", "if-opt-app", "implements", "no-link", "provides", "refinement", "requires", "rule", "section", "selectables", "snip", "testlist" or "xref" or an element from another namespace
/home/runner/work/application/application/output/effective.xml:1869:27: error: element "testList" not allowed anywhere; expected the element end-tag, text, element "_", "assignable", "choice", "comment", "ctr", "depends", "endnote", "equation", "evidence", "external-doc", "figure", "if-opt-app", "implements", "no-link", "provides", "refinement", "requires", "rule", "selectables", "snip", "subaactivity", "test-obj", "testlist" or "xref" or an element from another namespace
/home/runner/work/application/application/output/effective.xml:1884:15: error: element "testList" not allowed anywhere; expected the element end-tag, text, element "_", "assignable", "choice", "comment", "ctr", "depends", "endnote", "equation", "evidence", "external-doc", "figure", "if-opt-app", "implements", "no-link", "provides", "refinement", "requires", "rule", "selectables", "snip", "subaactivity", "test-obj", "testlist" or "xref" or an element from another namespace
/home/runner/work/application/application/output/effective.xml:1887:15: error: element "testList" not allowed anywhere; expected the element end-tag, text, element "_", "assignable", "choice", "comment", "ctr", "depends", "endnote", "equation", "evidence", "external-doc", "figure", "if-opt-app", "implements", "no-link", "provides", "refinement", "requires", "rule", "selectables", "snip", "subaactivity", "test-obj", "testlist" or "xref" or an element from another namespace
/home/runner/work/application/application/output/effective.xml:1897:65: error: element "testList" not allowed anywhere; expected the element end-tag, text, element "_", "assignable", "choice", "comment", "ctr", "depends", "endnote", "equation", "evidence", "external-doc", "figure", "if-opt-app", "implements", "no-link", "provides", "refinement", "requires", "rule", "selectables", "snip", "subaactivity", "test-obj", "testlist" or "xref" or an element from another namespace
/home/runner/work/application/application/output/effective.xml:1904:15: error: element "testList" not allowed anywhere; expected the element end-tag, text, element "_", "assignable", "choice", "comment", "ctr", "depends", "endnote", "equation", "evidence", "external-doc", "figure", "if-opt-app", "implements", "no-link", "provides", "refinement", "requires", "rule", "selectables", "snip", "subaactivity", "test-obj", "testlist" or "xref" or an element from another namespace
/home/runner/work/application/application/output/effective.xml:1908:15: error: element "testList" not allowed anywhere; expected the element end-tag, text, element "_", "assignable", "choice", "comment", "ctr", "depends", "endnote", "equation", "evidence", "external-doc", "figure", "if-opt-app", "implements", "no-link", "provides", "refinement", "requires", "rule", "selectables", "snip", "subaactivity", "test-obj", "testlist" or "xref" or an element from another namespace
/home/runner/work/application/application/output/effective.xml:1912:15: error: element "testList" not allowed anywhere; expected the element end-tag, text, element "_", "assignable", "choice", "comment", "ctr", "depends", "endnote", "equation", "evidence", "external-doc", "figure", "if-opt-app", "implements", "no-link", "provides", "refinement", "requires", "rule", "selectables", "snip", "subaactivity", "test-obj", "testlist" or "xref" or an element from another namespace
/home/runner/work/application/application/output/effective.xml:1916:15: error: element "testList" not allowed anywhere; expected the element end-tag, text, element "_", "assignable", "choice", "comment", "ctr", "depends", "endnote", "equation", "evidence", "external-doc", "figure", "if-opt-app", "implements", "no-link", "provides", "refinement", "requires", "rule", "selectables", "snip", "subaactivity", "test-obj", "testlist" or "xref" or an element from another namespace
/home/runner/work/application/application/output/effective.xml:1923:15: error: element "testList" not allowed anywhere; expected the element end-tag, text, element "_", "assignable", "choice", "comment", "ctr", "depends", "endnote", "equation", "evidence", "external-doc", "figure", "if-opt-app", "implements", "no-link", "provides", "refinement", "requires", "rule", "selectables", "snip", "subaactivity", "test-obj", "testlist" or "xref" or an element from another namespace
/home/runner/work/application/application/output/effective.xml:1932:15: error: element "testList" not allowed anywhere; expected the element end-tag, text, element "_", "assignable", "choice", "comment", "ctr", "depends", "endnote", "equation", "evidence", "external-doc", "figure", "if-opt-app", "implements", "no-link", "provides", "refinement", "requires", "rule", "selectables", "snip", "subaactivity", "test-obj", "testlist" or "xref" or an element from another namespace
/home/runner/work/application/application/output/effective.xml:1956:27: error: element "testList" not allowed anywhere; expected the element end-tag, text, element "_", "assignable", "choice", "comment", "ctr", "depends", "endnote", "equation", "evidence", "external-doc", "figure", "if-opt-app", "implements", "no-link", "provides", "refinement", "requires", "rule", "selectables", "snip", "subaactivity", "test-obj", "testlist" or "xref" or an element from another namespace
/home/runner/work/application/application/output/effective.xml:1971:15: error: element "testList" not allowed anywhere; expected the element end-tag, text, element "_", "assignable", "choice", "comment", "ctr", "depends", "endnote", "equation", "evidence", "external-doc", "figure", "if-opt-app", "implements", "no-link", "provides", "refinement", "requires", "rule", "selectables", "snip", "subaactivity", "test-obj", "testlist" or "xref" or an element from another namespace
/home/runner/work/application/application/output/effective.xml:1977:15: error: element "testList" not allowed anywhere; expected the element end-tag, text, element "_", "assignable", "choice", "comment", "ctr", "depends", "endnote", "equation", "evidence", "external-doc", "figure", "if-opt-app", "implements", "no-link", "provides", "refinement", "requires", "rule", "selectables", "snip", "subaactivity", "test-obj", "testlist" or "xref" or an element from another namespace
/home/runner/work/application/application/output/effective.xml:1984:124: error: element "f-component" not allowed here; expected the element end-tag, text, element "_", "assignable", "choice", "comment", "ctr", "depends", "endnote", "equation", "external-doc", "figure", "if-opt-app", "implements", "no-link", "provides", "refinement", "requires", "rule", "section", "selectables", "snip", "testlist" or "xref" or an element from another namespace
/home/runner/work/application/application/output/effective.xml:1998:41: error: element "aactivity" incomplete; expected text, element "Guidance", "KMD", "TSS", "Tests", "_", "also", "assignable", "choice", "comment", "ctr", "depends", "endnote", "equation", "external-doc", "figure", "if-opt-app", "implements", "no-link", "no-tests", "provides", "refinement", "requires", "rule", "selectables", "snip", "testlist" or "xref" or an element from another namespace
/home/runner/work/application/application/output/effective.xml:2029:27: error: element "testList" not allowed anywhere; expected the element end-tag, text, element "_", "assignable", "choice", "comment", "ctr", "depends", "endnote", "equation", "evidence", "external-doc", "figure", "if-opt-app", "implements", "no-link", "provides", "refinement", "requires", "rule", "selectables", "snip", "subaactivity", "test-obj", "testlist" or "xref" or an element from another namespace
/home/runner/work/application/application/output/effective.xml:2043:15: error: element "testList" not allowed anywhere; expected the element end-tag, text, element "_", "assignable", "choice", "comment", "ctr", "depends", "endnote", "equation", "evidence", "external-doc", "figure", "if-opt-app", "implements", "no-link", "provides", "refinement", "requires", "rule", "selectables", "snip", "subaactivity", "test-obj", "testlist" or "xref" or an element from another namespace
/home/runner/work/application/application/output/effective.xml:2048:15: error: element "testList" not allowed anywhere; expected the element end-tag, text, element "_", "assignable", "choice", "comment", "ctr", "depends", "endnote", "equation", "evidence", "external-doc", "figure", "if-opt-app", "implements", "no-link", "provides", "refinement", "requires", "rule", "selectables", "snip", "subaactivity", "test-obj", "testlist" or "xref" or an element from another namespace
/home/runner/work/application/application/output/effective.xml:2058:102: error: element "f-component" not allowed here; expected the element end-tag, text, element "_", "assignable", "choice", "comment", "ctr", "depends", "endnote", "equation", "external-doc", "figure", "if-opt-app", "implements", "no-link", "provides", "refinement", "requires", "rule", "section", "selectables", "snip", "testlist" or "xref" or an element from another namespace
/home/runner/work/application/application/output/effective.xml:2074:27: error: element "testList" not allowed anywhere; expected the element end-tag, text, element "_", "assignable", "choice", "comment", "ctr", "depends", "endnote", "equation", "evidence", "external-doc", "figure", "if-opt-app", "implements", "no-link", "provides", "refinement", "requires", "rule", "selectables", "snip", "subaactivity", "test-obj", "testlist" or "xref" or an element from another namespace
/home/runner/work/application/application/output/effective.xml:2081:15: error: element "testList" not allowed anywhere; expected the element end-tag, text, element "_", "assignable", "choice", "comment", "ctr", "depends", "endnote", "equation", "evidence", "external-doc", "figure", "if-opt-app", "implements", "no-link", "provides", "refinement", "requires", "rule", "selectables", "snip", "subaactivity", "test-obj", "testlist" or "xref" or an element from another namespace
/home/runner/work/application/application/output/effective.xml:2085:15: error: element "testList" not allowed anywhere; expected the element end-tag, text, element "_", "assignable", "choice", "comment", "ctr", "depends", "endnote", "equation", "evidence", "external-doc", "figure", "if-opt-app", "implements", "no-link", "provides", "refinement", "requires", "rule", "selectables", "snip", "subaactivity", "test-obj", "testlist" or "xref" or an element from another namespace
/home/runner/work/application/application/output/effective.xml:2090:15: error: element "testList" not allowed anywhere; expected the element end-tag, text, element "_", "assignable", "choice", "comment", "ctr", "depends", "endnote", "equation", "evidence", "external-doc", "figure", "if-opt-app", "implements", "no-link", "provides", "refinement", "requires", "rule", "selectables", "snip", "subaactivity", "test-obj", "testlist" or "xref" or an element from another namespace
/home/runner/work/application/application/output/effective.xml:2111:27: error: element "testList" not allowed anywhere; expected the element end-tag, text, element "_", "assignable", "choice", "comment", "ctr", "depends", "endnote", "equation", "evidence", "external-doc", "figure", "if-opt-app", "implements", "no-link", "provides", "refinement", "requires", "rule", "selectables", "snip", "subaactivity", "test-obj", "testlist" or "xref" or an element from another namespace
/home/runner/work/application/application/output/effective.xml:2115:14: error: element "testList" not allowed anywhere; expected the element end-tag, text, element "_", "assignable", "choice", "comment", "ctr", "depends", "endnote", "equation", "evidence", "external-doc", "figure", "if-opt-app", "implements", "no-link", "provides", "refinement", "requires", "rule", "selectables", "snip", "subaactivity", "test-obj", "testlist" or "xref" or an element from another namespace
/home/runner/work/application/application/output/effective.xml:2117:27: error: element "testList" not allowed anywhere; expected the element end-tag, text, element "_", "assignable", "choice", "comment", "ctr", "depends", "endnote", "equation", "evidence", "external-doc", "figure", "if-opt-app", "implements", "no-link", "provides", "refinement", "requires", "rule", "selectables", "snip", "subaactivity", "test-obj", "testlist" or "xref" or an element from another namespace
/home/runner/work/application/application/output/effective.xml:2125:14: error: element "testList" not allowed anywhere; expected the element end-tag, text, element "_", "assignable", "choice", "comment", "ctr", "depends", "endnote", "equation", "evidence", "external-doc", "figure", "if-opt-app", "implements", "no-link", "provides", "refinement", "requires", "rule", "selectables", "snip", "subaactivity", "test-obj", "testlist" or "xref" or an element from another namespace
/home/runner/work/application/application/output/effective.xml:2127:27: error: element "testList" not allowed anywhere; expected the element end-tag, text, element "_", "assignable", "choice", "comment", "ctr", "depends", "endnote", "equation", "evidence", "external-doc", "figure", "if-opt-app", "implements", "no-link", "provides", "refinement", "requires", "rule", "selectables", "snip", "subaactivity", "test-obj", "testlist" or "xref" or an element from another namespace
/home/runner/work/application/application/output/effective.xml:2130:23: error: element "testList" not allowed anywhere; expected the element end-tag, text, element "_", "assignable", "choice", "comment", "ctr", "depends", "endnote", "equation", "evidence", "external-doc", "figure", "if-opt-app", "implements", "no-link", "provides", "refinement", "requires", "rule", "selectables", "snip", "subaactivity", "test-obj", "testlist" or "xref" or an element from another namespace
/home/runner/work/application/application/output/effective.xml:2132:27: error: element "testList" not allowed anywhere; expected the element end-tag, text, element "_", "assignable", "choice", "comment", "ctr", "depends", "endnote", "equation", "evidence", "external-doc", "figure", "if-opt-app", "implements", "no-link", "provides", "refinement", "requires", "rule", "selectables", "snip", "subaactivity", "test-obj", "testlist" or "xref" or an element from another namespace
/home/runner/work/application/application/output/effective.xml:2137:14: error: element "testList" not allowed anywhere; expected the element end-tag, text, element "_", "assignable", "choice", "comment", "ctr", "depends", "endnote", "equation", "evidence", "external-doc", "figure", "if-opt-app", "implements", "no-link", "provides", "refinement", "requires", "rule", "selectables", "snip", "subaactivity", "test-obj", "testlist" or "xref" or an element from another namespace
/home/runner/work/application/application/output/effective.xml:2139:27: error: element "testList" not allowed anywhere; expected the element end-tag, text, element "_", "assignable", "choice", "comment", "ctr", "depends", "endnote", "equation", "evidence", "external-doc", "figure", "if-opt-app", "implements", "no-link", "provides", "refinement", "requires", "rule", "selectables", "snip", "subaactivity", "test-obj", "testlist" or "xref" or an element from another namespace
/home/runner/work/application/application/output/effective.xml:2144:14: error: element "testList" not allowed anywhere; expected the element end-tag, text, element "_", "assignable", "choice", "comment", "ctr", "depends", "endnote", "equation", "evidence", "external-doc", "figure", "if-opt-app", "implements", "no-link", "provides", "refinement", "requires", "rule", "selectables", "snip", "subaactivity", "test-obj", "testlist" or "xref" or an element from another namespace
/home/runner/work/application/application/output/effective.xml:2146:27: error: element "testList" not allowed anywhere; expected the element end-tag, text, element "_", "assignable", "choice", "comment", "ctr", "depends", "endnote", "equation", "evidence", "external-doc", "figure", "if-opt-app", "implements", "no-link", "provides", "refinement", "requires", "rule", "selectables", "snip", "subaactivity", "test-obj", "testlist" or "xref" or an element from another namespace
/home/runner/work/application/application/output/effective.xml:2151:14: error: element "testList" not allowed anywhere; expected the element end-tag, text, element "_", "assignable", "choice", "comment", "ctr", "depends", "endnote", "equation", "evidence", "external-doc", "figure", "if-opt-app", "implements", "no-link", "provides", "refinement", "requires", "rule", "selectables", "snip", "subaactivity", "test-obj", "testlist" or "xref" or an element from another namespace
/home/runner/work/application/application/output/effective.xml:2158:104: error: element "f-component" not allowed here; expected the element end-tag, text, element "_", "assignable", "choice", "comment", "ctr", "depends", "endnote", "equation", "external-doc", "figure", "if-opt-app", "implements", "no-link", "provides", "refinement", "requires", "rule", "section", "selectables", "snip", "testlist" or "xref" or an element from another namespace
/home/runner/work/application/application/output/effective.xml:2184:27: error: element "testList" not allowed anywhere; expected the element end-tag, text, element "_", "assignable", "choice", "comment", "ctr", "depends", "endnote", "equation", "evidence", "external-doc", "figure", "if-opt-app", "implements", "no-link", "provides", "refinement", "requires", "rule", "selectables", "snip", "subaactivity", "test-obj", "testlist" or "xref" or an element from another namespace
/home/runner/work/application/application/output/effective.xml:2193:14: error: element "testList" not allowed anywhere; expected the element end-tag, text, element "_", "assignable", "choice", "comment", "ctr", "depends", "endnote", "equation", "evidence", "external-doc", "figure", "if-opt-app", "implements", "no-link", "provides", "refinement", "requires", "rule", "selectables", "snip", "subaactivity", "test-obj", "testlist" or "xref" or an element from another namespace
/home/runner/work/application/application/output/effective.xml:2195:27: error: element "testList" not allowed anywhere; expected the element end-tag, text, element "_", "assignable", "choice", "comment", "ctr", "depends", "endnote", "equation", "evidence", "external-doc", "figure", "if-opt-app", "implements", "no-link", "provides", "refinement", "requires", "rule", "selectables", "snip", "subaactivity", "test-obj", "testlist" or "xref" or an element from another namespace
/home/runner/work/application/application/output/effective.xml:2207:14: error: element "testList" not allowed anywhere; expected the element end-tag, text, element "_", "assignable", "choice", "comment", "ctr", "depends", "endnote", "equation", "evidence", "external-doc", "figure", "if-opt-app", "implements", "no-link", "provides", "refinement", "requires", "rule", "selectables", "snip", "subaactivity", "test-obj", "testlist" or "xref" or an element from another namespace
/home/runner/work/application/application/output/effective.xml:2209:27: error: element "testList" not allowed anywhere; expected the element end-tag, text, element "_", "assignable", "choice", "comment", "ctr", "depends", "endnote", "equation", "evidence", "external-doc", "figure", "if-opt-app", "implements", "no-link", "provides", "refinement", "requires", "rule", "selectables", "snip", "subaactivity", "test-obj", "testlist" or "xref" or an element from another namespace
/home/runner/work/application/application/output/effective.xml:2212:24: error: element "testList" not allowed anywhere; expected the element end-tag, text, element "_", "assignable", "choice", "comment", "ctr", "depends", "endnote", "equation", "evidence", "external-doc", "figure", "if-opt-app", "implements", "no-link", "provides", "refinement", "requires", "rule", "selectables", "snip", "subaactivity", "test-obj", "testlist" or "xref" or an element from another namespace
/home/runner/work/application/application/output/effective.xml:2214:27: error: element "testList" not allowed anywhere; expected the element end-tag, text, element "_", "assignable", "choice", "comment", "ctr", "depends", "endnote", "equation", "evidence", "external-doc", "figure", "if-opt-app", "implements", "no-link", "provides", "refinement", "requires", "rule", "selectables", "snip", "subaactivity", "test-obj", "testlist" or "xref" or an element from another namespace
/home/runner/work/application/application/output/effective.xml:2222:14: error: element "testList" not allowed anywhere; expected the element end-tag, text, element "_", "assignable", "choice", "comment", "ctr", "depends", "endnote", "equation", "evidence", "external-doc", "figure", "if-opt-app", "implements", "no-link", "provides", "refinement", "requires", "rule", "selectables", "snip", "subaactivity", "test-obj", "testlist" or "xref" or an element from another namespace
/home/runner/work/application/application/output/effective.xml:2224:27: error: element "testList" not allowed anywhere; expected the element end-tag, text, element "_", "assignable", "choice", "comment", "ctr", "depends", "endnote", "equation", "evidence", "external-doc", "figure", "if-opt-app", "implements", "no-link", "provides", "refinement", "requires", "rule", "selectables", "snip", "subaactivity", "test-obj", "testlist" or "xref" or an element from another namespace
/home/runner/work/application/application/output/effective.xml:2233:14: error: element "testList" not allowed anywhere; expected the element end-tag, text, element "_", "assignable", "choice", "comment", "ctr", "depends", "endnote", "equation", "evidence", "external-doc", "figure", "if-opt-app", "implements", "no-link", "provides", "refinement", "requires", "rule", "selectables", "snip", "subaactivity", "test-obj", "testlist" or "xref" or an element from another namespace
/home/runner/work/application/application/output/effective.xml:2235:27: error: element "testList" not allowed anywhere; expected the element end-tag, text, element "_", "assignable", "choice", "comment", "ctr", "depends", "endnote", "equation", "evidence", "external-doc", "figure", "if-opt-app", "implements", "no-link", "provides", "refinement", "requires", "rule", "selectables", "snip", "subaactivity", "test-obj", "testlist" or "xref" or an element from another namespace
/home/runner/work/application/application/output/effective.xml:2239:14: error: element "testList" not allowed anywhere; expected the element end-tag, text, element "_", "assignable", "choice", "comment", "ctr", "depends", "endnote", "equation", "evidence", "external-doc", "figure", "if-opt-app", "implements", "no-link", "provides", "refinement", "requires", "rule", "selectables", "snip", "subaactivity", "test-obj", "testlist" or "xref" or an element from another namespace
/home/runner/work/application/application/output/effective.xml:2246:100: error: element "f-component" not allowed here; expected the element end-tag, text, element "_", "assignable", "choice", "comment", "ctr", "depends", "endnote", "equation", "external-doc", "figure", "if-opt-app", "implements", "no-link", "provides", "refinement", "requires", "rule", "section", "selectables", "snip", "testlist" or "xref" or an element from another namespace
/home/runner/work/application/application/output/effective.xml:2276:139: error: element "f-component" not allowed here; expected the element end-tag, text, element "_", "assignable", "choice", "comment", "ctr", "depends", "endnote", "equation", "external-doc", "figure", "if-opt-app", "implements", "no-link", "provides", "refinement", "requires", "rule", "section", "selectables", "snip", "testlist" or "xref" or an element from another namespace
/home/runner/work/application/application/output/effective.xml:2302:101: error: element "f-component" not allowed here; expected the element end-tag, text, element "_", "assignable", "choice", "comment", "ctr", "depends", "endnote", "equation", "external-doc", "figure", "if-opt-app", "implements", "no-link", "provides", "refinement", "requires", "rule", "section", "selectables", "snip", "testlist" or "xref" or an element from another namespace
/home/runner/work/application/application/output/effective.xml:2322:27: error: element "testList" not allowed anywhere; expected the element end-tag, text, element "_", "assignable", "choice", "comment", "ctr", "depends", "endnote", "equation", "evidence", "external-doc", "figure", "if-opt-app", "implements", "no-link", "provides", "refinement", "requires", "rule", "selectables", "snip", "subaactivity", "test-obj", "testlist" or "xref" or an element from another namespace
/home/runner/work/application/application/output/effective.xml:2328:14: error: element "testList" not allowed anywhere; expected the element end-tag, text, element "_", "assignable", "choice", "comment", "ctr", "depends", "endnote", "equation", "evidence", "external-doc", "figure", "if-opt-app", "implements", "no-link", "provides", "refinement", "requires", "rule", "selectables", "snip", "subaactivity", "test-obj", "testlist" or "xref" or an element from another namespace
/home/runner/work/application/application/output/effective.xml:2330:27: error: element "testList" not allowed anywhere; expected the element end-tag, text, element "_", "assignable", "choice", "comment", "ctr", "depends", "endnote", "equation", "evidence", "external-doc", "figure", "if-opt-app", "implements", "no-link", "provides", "refinement", "requires", "rule", "selectables", "snip", "subaactivity", "test-obj", "testlist" or "xref" or an element from another namespace
/home/runner/work/application/application/output/effective.xml:2339:14: error: element "testList" not allowed anywhere; expected the element end-tag, text, element "_", "assignable", "choice", "comment", "ctr", "depends", "endnote", "equation", "evidence", "external-doc", "figure", "if-opt-app", "implements", "no-link", "provides", "refinement", "requires", "rule", "selectables", "snip", "subaactivity", "test-obj", "testlist" or "xref" or an element from another namespace
/home/runner/work/application/application/output/effective.xml:2341:27: error: element "testList" not allowed anywhere; expected the element end-tag, text, element "_", "assignable", "choice", "comment", "ctr", "depends", "endnote", "equation", "evidence", "external-doc", "figure", "if-opt-app", "implements", "no-link", "provides", "refinement", "requires", "rule", "selectables", "snip", "subaactivity", "test-obj", "testlist" or "xref" or an element from another namespace
/home/runner/work/application/application/output/effective.xml:2346:14: error: element "testList" not allowed anywhere; expected the element end-tag, text, element "_", "assignable", "choice", "comment", "ctr", "depends", "endnote", "equation", "evidence", "external-doc", "figure", "if-opt-app", "implements", "no-link", "provides", "refinement", "requires", "rule", "selectables", "snip", "subaactivity", "test-obj", "testlist" or "xref" or an element from another namespace
/home/runner/work/application/application/output/effective.xml:2348:27: error: element "testList" not allowed anywhere; expected the element end-tag, text, element "_", "assignable", "choice", "comment", "ctr", "depends", "endnote", "equation", "evidence", "external-doc", "figure", "if-opt-app", "implements", "no-link", "provides", "refinement", "requires", "rule", "selectables", "snip", "subaactivity", "test-obj", "testlist" or "xref" or an element from another namespace
/home/runner/work/application/application/output/effective.xml:2354:14: error: element "testList" not allowed anywhere; expected the element end-tag, text, element "_", "assignable", "choice", "comment", "ctr", "depends", "endnote", "equation", "evidence", "external-doc", "figure", "if-opt-app", "implements", "no-link", "provides", "refinement", "requires", "rule", "selectables", "snip", "subaactivity", "test-obj", "testlist" or "xref" or an element from another namespace
/home/runner/work/application/application/output/effective.xml:2356:27: error: element "testList" not allowed anywhere; expected the element end-tag, text, element "_", "assignable", "choice", "comment", "ctr", "depends", "endnote", "equation", "evidence", "external-doc", "figure", "if-opt-app", "implements", "no-link", "provides", "refinement", "requires", "rule", "selectables", "snip", "subaactivity", "test-obj", "testlist" or "xref" or an element from another namespace
/home/runner/work/application/application/output/effective.xml:2362:14: error: element "testList" not allowed anywhere; expected the element end-tag, text, element "_", "assignable", "choice", "comment", "ctr", "depends", "endnote", "equation", "evidence", "external-doc", "figure", "if-opt-app", "implements", "no-link", "provides", "refinement", "requires", "rule", "selectables", "snip", "subaactivity", "test-obj", "testlist" or "xref" or an element from another namespace
/home/runner/work/application/application/output/effective.xml:2364:27: error: element "testList" not allowed anywhere; expected the element end-tag, text, element "_", "assignable", "choice", "comment", "ctr", "depends", "endnote", "equation", "evidence", "external-doc", "figure", "if-opt-app", "implements", "no-link", "provides", "refinement", "requires", "rule", "selectables", "snip", "subaactivity", "test-obj", "testlist" or "xref" or an element from another namespace
/home/runner/work/application/application/output/effective.xml:2370:14: error: element "testList" not allowed anywhere; expected the element end-tag, text, element "_", "assignable", "choice", "comment", "ctr", "depends", "endnote", "equation", "evidence", "external-doc", "figure", "if-opt-app", "implements", "no-link", "provides", "refinement", "requires", "rule", "selectables", "snip", "subaactivity", "test-obj", "testlist" or "xref" or an element from another namespace
/home/runner/work/application/application/output/effective.xml:2390:27: error: element "testList" not allowed anywhere; expected the element end-tag, text, element "_", "assignable", "choice", "comment", "ctr", "depends", "endnote", "equation", "evidence", "external-doc", "figure", "if-opt-app", "implements", "no-link", "provides", "refinement", "requires", "rule", "selectables", "snip", "subaactivity", "test-obj", "testlist" or "xref" or an element from another namespace
/home/runner/work/application/application/output/effective.xml:2393:91: error: element "testList" not allowed anywhere; expected the element end-tag, text, element "_", "assignable", "choice", "comment", "ctr", "depends", "endnote", "equation", "evidence", "external-doc", "figure", "if-opt-app", "implements", "no-link", "provides", "refinement", "requires", "rule", "selectables", "snip", "subaactivity", "test-obj", "testlist" or "xref" or an element from another namespace
/home/runner/work/application/application/output/effective.xml:2395:27: error: element "testList" not allowed anywhere; expected the element end-tag, text, element "_", "assignable", "choice", "comment", "ctr", "depends", "endnote", "equation", "evidence", "external-doc", "figure", "if-opt-app", "implements", "no-link", "provides", "refinement", "requires", "rule", "selectables", "snip", "subaactivity", "test-obj", "testlist" or "xref" or an element from another namespace
/home/runner/work/application/application/output/effective.xml:2401:14: error: element "testList" not allowed anywhere; expected the element end-tag, text, element "_", "assignable", "choice", "comment", "ctr", "depends", "endnote", "equation", "evidence", "external-doc", "figure", "if-opt-app", "implements", "no-link", "provides", "refinement", "requires", "rule", "selectables", "snip", "subaactivity", "test-obj", "testlist" or "xref" or an element from another namespace
/home/runner/work/application/application/output/effective.xml:2403:27: error: element "testList" not allowed anywhere; expected the element end-tag, text, element "_", "assignable", "choice", "comment", "ctr", "depends", "endnote", "equation", "evidence", "external-doc", "figure", "if-opt-app", "implements", "no-link", "provides", "refinement", "requires", "rule", "selectables", "snip", "subaactivity", "test-obj", "testlist" or "xref" or an element from another namespace
/home/runner/work/application/application/output/effective.xml:2407:14: error: element "testList" not allowed anywhere; expected the element end-tag, text, element "_", "assignable", "choice", "comment", "ctr", "depends", "endnote", "equation", "evidence", "external-doc", "figure", "if-opt-app", "implements", "no-link", "provides", "refinement", "requires", "rule", "selectables", "snip", "subaactivity", "test-obj", "testlist" or "xref" or an element from another namespace
/home/runner/work/application/application/output/effective.xml:2409:27: error: element "testList" not allowed anywhere; expected the element end-tag, text, element "_", "assignable", "choice", "comment", "ctr", "depends", "endnote", "equation", "evidence", "external-doc", "figure", "if-opt-app", "implements", "no-link", "provides", "refinement", "requires", "rule", "selectables", "snip", "subaactivity", "test-obj", "testlist" or "xref" or an element from another namespace
/home/runner/work/application/application/output/effective.xml:2413:121: error: element "testList" not allowed anywhere; expected the element end-tag, text, element "_", "assignable", "choice", "comment", "ctr", "depends", "endnote", "equation", "evidence", "external-doc", "figure", "if-opt-app", "implements", "no-link", "provides", "refinement", "requires", "rule", "selectables", "snip", "subaactivity", "test-obj", "testlist" or "xref" or an element from another namespace
/home/runner/work/application/application/output/effective.xml:2415:27: error: element "testList" not allowed anywhere; expected the element end-tag, text, element "_", "assignable", "choice", "comment", "ctr", "depends", "endnote", "equation", "evidence", "external-doc", "figure", "if-opt-app", "implements", "no-link", "provides", "refinement", "requires", "rule", "selectables", "snip", "subaactivity", "test-obj", "testlist" or "xref" or an element from another namespace
/home/runner/work/application/application/output/effective.xml:2419:121: error: element "testList" not allowed anywhere; expected the element end-tag, text, element "_", "assignable", "choice", "comment", "ctr", "depends", "endnote", "equation", "evidence", "external-doc", "figure", "if-opt-app", "implements", "no-link", "provides", "refinement", "requires", "rule", "selectables", "snip", "subaactivity", "test-obj", "testlist" or "xref" or an element from another namespace
/home/runner/work/application/application/output/effective.xml:2421:27: error: element "testList" not allowed anywhere; expected the element end-tag, text, element "_", "assignable", "choice", "comment", "ctr", "depends", "endnote", "equation", "evidence", "external-doc", "figure", "if-opt-app", "implements", "no-link", "provides", "refinement", "requires", "rule", "selectables", "snip", "subaactivity", "test-obj", "testlist" or "xref" or an element from another namespace
/home/runner/work/application/application/output/effective.xml:2425:14: error: element "testList" not allowed anywhere; expected the element end-tag, text, element "_", "assignable", "choice", "comment", "ctr", "depends", "endnote", "equation", "evidence", "external-doc", "figure", "if-opt-app", "implements", "no-link", "provides", "refinement", "requires", "rule", "selectables", "snip", "subaactivity", "test-obj", "testlist" or "xref" or an element from another namespace
/home/runner/work/application/application/output/effective.xml:2444:27: error: element "testList" not allowed anywhere; expected the element end-tag, text, element "_", "assignable", "choice", "comment", "ctr", "depends", "endnote", "equation", "evidence", "external-doc", "figure", "if-opt-app", "implements", "no-link", "provides", "refinement", "requires", "rule", "selectables", "snip", "subaactivity", "test-obj", "testlist" or "xref" or an element from another namespace
/home/runner/work/application/application/output/effective.xml:2448:14: error: element "testList" not allowed anywhere; expected the element end-tag, text, element "_", "assignable", "choice", "comment", "ctr", "depends", "endnote", "equation", "evidence", "external-doc", "figure", "if-opt-app", "implements", "no-link", "provides", "refinement", "requires", "rule", "selectables", "snip", "subaactivity", "test-obj", "testlist" or "xref" or an element from another namespace
/home/runner/work/application/application/output/effective.xml:2450:27: error: element "testList" not allowed anywhere; expected the element end-tag, text, element "_", "assignable", "choice", "comment", "ctr", "depends", "endnote", "equation", "evidence", "external-doc", "figure", "if-opt-app", "implements", "no-link", "provides", "refinement", "requires", "rule", "selectables", "snip", "subaactivity", "test-obj", "testlist" or "xref" or an element from another namespace
/home/runner/work/application/application/output/effective.xml:2465:14: error: element "testList" not allowed anywhere; expected the element end-tag, text, element "_", "assignable", "choice", "comment", "ctr", "depends", "endnote", "equation", "evidence", "external-doc", "figure", "if-opt-app", "implements", "no-link", "provides", "refinement", "requires", "rule", "selectables", "snip", "subaactivity", "test-obj", "testlist" or "xref" or an element from another namespace
/home/runner/work/application/application/output/effective.xml:2467:27: error: element "testList" not allowed anywhere; expected the element end-tag, text, element "_", "assignable", "choice", "comment", "ctr", "depends", "endnote", "equation", "evidence", "external-doc", "figure", "if-opt-app", "implements", "no-link", "provides", "refinement", "requires", "rule", "selectables", "snip", "subaactivity", "test-obj", "testlist" or "xref" or an element from another namespace
/home/runner/work/application/application/output/effective.xml:2471:14: error: element "testList" not allowed anywhere; expected the element end-tag, text, element "_", "assignable", "choice", "comment", "ctr", "depends", "endnote", "equation", "evidence", "external-doc", "figure", "if-opt-app", "implements", "no-link", "provides", "refinement", "requires", "rule", "selectables", "snip", "subaactivity", "test-obj", "testlist" or "xref" or an element from another namespace
/home/runner/work/application/application/output/effective.xml:2473:27: error: element "testList" not allowed anywhere; expected the element end-tag, text, element "_", "assignable", "choice", "comment", "ctr", "depends", "endnote", "equation", "evidence", "external-doc", "figure", "if-opt-app", "implements", "no-link", "provides", "refinement", "requires", "rule", "selectables", "snip", "subaactivity", "test-obj", "testlist" or "xref" or an element from another namespace
/home/runner/work/application/application/output/effective.xml:2477:14: error: element "testList" not allowed anywhere; expected the element end-tag, text, element "_", "assignable", "choice", "comment", "ctr", "depends", "endnote", "equation", "evidence", "external-doc", "figure", "if-opt-app", "implements", "no-link", "provides", "refinement", "requires", "rule", "selectables", "snip", "subaactivity", "test-obj", "testlist" or "xref" or an element from another namespace
/home/runner/work/application/application/output/effective.xml:2479:27: error: element "testList" not allowed anywhere; expected the element end-tag, text, element "_", "assignable", "choice", "comment", "ctr", "depends", "endnote", "equation", "evidence", "external-doc", "figure", "if-opt-app", "implements", "no-link", "provides", "refinement", "requires", "rule", "selectables", "snip", "subaactivity", "test-obj", "testlist" or "xref" or an element from another namespace
/home/runner/work/application/application/output/effective.xml:2483:14: error: element "testList" not allowed anywhere; expected the element end-tag, text, element "_", "assignable", "choice", "comment", "ctr", "depends", "endnote", "equation", "evidence", "external-doc", "figure", "if-opt-app", "implements", "no-link", "provides", "refinement", "requires", "rule", "selectables", "snip", "subaactivity", "test-obj", "testlist" or "xref" or an element from another namespace
/home/runner/work/application/application/output/effective.xml:2485:27: error: element "testList" not allowed anywhere; expected the element end-tag, text, element "_", "assignable", "choice", "comment", "ctr", "depends", "endnote", "equation", "evidence", "external-doc", "figure", "if-opt-app", "implements", "no-link", "provides", "refinement", "requires", "rule", "selectables", "snip", "subaactivity", "test-obj", "testlist" or "xref" or an element from another namespace
/home/runner/work/application/application/output/effective.xml:2489:14: error: element "testList" not allowed anywhere; expected the element end-tag, text, element "_", "assignable", "choice", "comment", "ctr", "depends", "endnote", "equation", "evidence", "external-doc", "figure", "if-opt-app", "implements", "no-link", "provides", "refinement", "requires", "rule", "selectables", "snip", "subaactivity", "test-obj", "testlist" or "xref" or an element from another namespace
/home/runner/work/application/application/output/effective.xml:2518:27: error: element "testList" not allowed anywhere; expected the element end-tag, text, element "_", "assignable", "choice", "comment", "ctr", "depends", "endnote", "equation", "evidence", "external-doc", "figure", "if-opt-app", "implements", "no-link", "provides", "refinement", "requires", "rule", "selectables", "snip", "subaactivity", "test-obj", "testlist" or "xref" or an element from another namespace
/home/runner/work/application/application/output/effective.xml:2522:14: error: element "testList" not allowed anywhere; expected the element end-tag, text, element "_", "assignable", "choice", "comment", "ctr", "depends", "endnote", "equation", "evidence", "external-doc", "figure", "if-opt-app", "implements", "no-link", "provides", "refinement", "requires", "rule", "selectables", "snip", "subaactivity", "test-obj", "testlist" or "xref" or an element from another namespace
/home/runner/work/application/application/output/effective.xml:2524:27: error: element "testList" not allowed anywhere; expected the element end-tag, text, element "_", "assignable", "choice", "comment", "ctr", "depends", "endnote", "equation", "evidence", "external-doc", "figure", "if-opt-app", "implements", "no-link", "provides", "refinement", "requires", "rule", "selectables", "snip", "subaactivity", "test-obj", "testlist" or "xref" or an element from another namespace
/home/runner/work/application/application/output/effective.xml:2530:99: error: element "testList" not allowed anywhere; expected the element end-tag, text, element "_", "assignable", "choice", "comment", "ctr", "depends", "endnote", "equation", "evidence", "external-doc", "figure", "if-opt-app", "implements", "no-link", "provides", "refinement", "requires", "rule", "selectables", "snip", "subaactivity", "test-obj", "testlist" or "xref" or an element from another namespace
/home/runner/work/application/application/output/effective.xml:2532:27: error: element "testList" not allowed anywhere; expected the element end-tag, text, element "_", "assignable", "choice", "comment", "ctr", "depends", "endnote", "equation", "evidence", "external-doc", "figure", "if-opt-app", "implements", "no-link", "provides", "refinement", "requires", "rule", "selectables", "snip", "subaactivity", "test-obj", "testlist" or "xref" or an element from another namespace
/home/runner/work/application/application/output/effective.xml:2535:35: error: element "testList" not allowed anywhere; expected the element end-tag, text, element "_", "assignable", "choice", "comment", "ctr", "depends", "endnote", "equation", "evidence", "external-doc", "figure", "if-opt-app", "implements", "no-link", "provides", "refinement", "requires", "rule", "selectables", "snip", "subaactivity", "test-obj", "testlist" or "xref" or an element from another namespace
/home/runner/work/application/application/output/effective.xml:2537:27: error: element "testList" not allowed anywhere; expected the element end-tag, text, element "_", "assignable", "choice", "comment", "ctr", "depends", "endnote", "equation", "evidence", "external-doc", "figure", "if-opt-app", "implements", "no-link", "provides", "refinement", "requires", "rule", "selectables", "snip", "subaactivity", "test-obj", "testlist" or "xref" or an element from another namespace
/home/runner/work/application/application/output/effective.xml:2543:14: error: element "testList" not allowed anywhere; expected the element end-tag, text, element "_", "assignable", "choice", "comment", "ctr", "depends", "endnote", "equation", "evidence", "external-doc", "figure", "if-opt-app", "implements", "no-link", "provides", "refinement", "requires", "rule", "selectables", "snip", "subaactivity", "test-obj", "testlist" or "xref" or an element from another namespace
/home/runner/work/application/application/output/effective.xml:2545:27: error: element "testList" not allowed anywhere; expected the element end-tag, text, element "_", "assignable", "choice", "comment", "ctr", "depends", "endnote", "equation", "evidence", "external-doc", "figure", "if-opt-app", "implements", "no-link", "provides", "refinement", "requires", "rule", "selectables", "snip", "subaactivity", "test-obj", "testlist" or "xref" or an element from another namespace
/home/runner/work/application/application/output/effective.xml:2551:14: error: element "testList" not allowed anywhere; expected the element end-tag, text, element "_", "assignable", "choice", "comment", "ctr", "depends", "endnote", "equation", "evidence", "external-doc", "figure", "if-opt-app", "implements", "no-link", "provides", "refinement", "requires", "rule", "selectables", "snip", "subaactivity", "test-obj", "testlist" or "xref" or an element from another namespace
/home/runner/work/application/application/output/effective.xml:2553:27: error: element "testList" not allowed anywhere; expected the element end-tag, text, element "_", "assignable", "choice", "comment", "ctr", "depends", "endnote", "equation", "evidence", "external-doc", "figure", "if-opt-app", "implements", "no-link", "provides", "refinement", "requires", "rule", "selectables", "snip", "subaactivity", "test-obj", "testlist" or "xref" or an element from another namespace
/home/runner/work/application/application/output/effective.xml:2558:14: error: element "testList" not allowed anywhere; expected the element end-tag, text, element "_", "assignable", "choice", "comment", "ctr", "depends", "endnote", "equation", "evidence", "external-doc", "figure", "if-opt-app", "implements", "no-link", "provides", "refinement", "requires", "rule", "selectables", "snip", "subaactivity", "test-obj", "testlist" or "xref" or an element from another namespace
/home/runner/work/application/application/output/effective.xml:2574:27: error: element "testList" not allowed anywhere; expected the element end-tag, text, element "_", "assignable", "choice", "comment", "ctr", "depends", "endnote", "equation", "evidence", "external-doc", "figure", "if-opt-app", "implements", "no-link", "provides", "refinement", "requires", "rule", "selectables", "snip", "subaactivity", "test-obj", "testlist" or "xref" or an element from another namespace
/home/runner/work/application/application/output/effective.xml:2580:99: error: element "testList" not allowed anywhere; expected the element end-tag, text, element "_", "assignable", "choice", "comment", "ctr", "depends", "endnote", "equation", "evidence", "external-doc", "figure", "if-opt-app", "implements", "no-link", "provides", "refinement", "requires", "rule", "selectables", "snip", "subaactivity", "test-obj", "testlist" or "xref" or an element from another namespace
/home/runner/work/application/application/output/effective.xml:2587:105: error: element "f-component" not allowed here; expected the element end-tag, text, element "_", "assignable", "choice", "comment", "ctr", "depends", "endnote", "equation", "external-doc", "figure", "if-opt-app", "implements", "no-link", "provides", "refinement", "requires", "rule", "section", "selectables", "snip", "testlist" or "xref" or an element from another namespace
/home/runner/work/application/application/output/effective.xml:2608:124: error: element "f-component" not allowed here; expected the element end-tag, text, element "_", "assignable", "choice", "comment", "ctr", "depends", "endnote", "equation", "external-doc", "figure", "if-opt-app", "implements", "no-link", "provides", "refinement", "requires", "rule", "section", "selectables", "snip", "testlist" or "xref" or an element from another namespace
/home/runner/work/application/application/output/effective.xml:2630:107: error: element "f-component" not allowed here; expected the element end-tag, text, element "_", "assignable", "choice", "comment", "ctr", "depends", "endnote", "equation", "external-doc", "figure", "if-opt-app", "implements", "no-link", "provides", "refinement", "requires", "rule", "section", "selectables", "snip", "testlist" or "xref" or an element from another namespace
/home/runner/work/application/application/output/effective.xml:2659:99: error: element "f-component" not allowed here; expected the element end-tag, text, element "_", "assignable", "choice", "comment", "ctr", "depends", "endnote", "equation", "external-doc", "figure", "if-opt-app", "implements", "no-link", "provides", "refinement", "requires", "rule", "section", "selectables", "snip", "testlist" or "xref" or an element from another namespace
/home/runner/work/application/application/output/effective.xml:2681:108: error: element "f-component" not allowed here; expected the element end-tag, text, element "_", "assignable", "choice", "comment", "ctr", "depends", "endnote", "equation", "external-doc", "figure", "if-opt-app", "implements", "no-link", "provides", "refinement", "requires", "rule", "section", "selectables", "snip", "testlist" or "xref" or an element from another namespace
/home/runner/work/application/application/output/effective.xml:2730:27: error: element "testList" not allowed anywhere; expected the element end-tag, text, element "_", "assignable", "choice", "comment", "ctr", "depends", "endnote", "equation", "evidence", "external-doc", "figure", "if-opt-app", "implements", "no-link", "provides", "refinement", "requires", "rule", "selectables", "snip", "subaactivity", "test-obj", "testlist" or "xref" or an element from another namespace
/home/runner/work/application/application/output/effective.xml:2733:14: error: element "testList" not allowed anywhere; expected the element end-tag, text, element "_", "assignable", "choice", "comment", "ctr", "depends", "endnote", "equation", "evidence", "external-doc", "figure", "if-opt-app", "implements", "no-link", "provides", "refinement", "requires", "rule", "selectables", "snip", "subaactivity", "test-obj", "testlist" or "xref" or an element from another namespace
/home/runner/work/application/application/output/effective.xml:2735:27: error: element "testList" not allowed anywhere; expected the element end-tag, text, element "_", "assignable", "choice", "comment", "ctr", "depends", "endnote", "equation", "evidence", "external-doc", "figure", "if-opt-app", "implements", "no-link", "provides", "refinement", "requires", "rule", "selectables", "snip", "subaactivity", "test-obj", "testlist" or "xref" or an element from another namespace
/home/runner/work/application/application/output/effective.xml:2743:15: error: element "testList" not allowed anywhere; expected the element end-tag, text, element "_", "assignable", "choice", "comment", "ctr", "depends", "endnote", "equation", "evidence", "external-doc", "figure", "if-opt-app", "implements", "no-link", "provides", "refinement", "requires", "rule", "selectables", "snip", "subaactivity", "test-obj", "testlist" or "xref" or an element from another namespace
/home/runner/work/application/application/output/effective.xml:2784:127: error: element "f-component" not allowed here; expected the element end-tag, text, element "_", "assignable", "choice", "comment", "ctr", "depends", "endnote", "equation", "external-doc", "figure", "if-opt-app", "implements", "no-link", "provides", "refinement", "requires", "rule", "section", "selectables", "snip", "testlist" or "xref" or an element from another namespace
/home/runner/work/application/application/output/effective.xml:2797:27: error: element "testList" not allowed anywhere; expected the element end-tag, text, element "_", "assignable", "choice", "comment", "ctr", "depends", "endnote", "equation", "evidence", "external-doc", "figure", "if-opt-app", "implements", "no-link", "provides", "refinement", "requires", "rule", "selectables", "snip", "subaactivity", "test-obj", "testlist" or "xref" or an element from another namespace
/home/runner/work/application/application/output/effective.xml:2799:73: error: element "testList" not allowed anywhere; expected the element end-tag, text, element "_", "assignable", "choice", "comment", "ctr", "depends", "endnote", "equation", "evidence", "external-doc", "figure", "if-opt-app", "implements", "no-link", "provides", "refinement", "requires", "rule", "selectables", "snip", "subaactivity", "test-obj", "testlist" or "xref" or an element from another namespace
/home/runner/work/application/application/output/effective.xml:2801:27: error: element "testList" not allowed anywhere; expected the element end-tag, text, element "_", "assignable", "choice", "comment", "ctr", "depends", "endnote", "equation", "evidence", "external-doc", "figure", "if-opt-app", "implements", "no-link", "provides", "refinement", "requires", "rule", "selectables", "snip", "subaactivity", "test-obj", "testlist" or "xref" or an element from another namespace
/home/runner/work/application/application/output/effective.xml:2808:14: error: element "testList" not allowed anywhere; expected the element end-tag, text, element "_", "assignable", "choice", "comment", "ctr", "depends", "endnote", "equation", "evidence", "external-doc", "figure", "if-opt-app", "implements", "no-link", "provides", "refinement", "requires", "rule", "selectables", "snip", "subaactivity", "test-obj", "testlist" or "xref" or an element from another namespace
/home/runner/work/application/application/output/effective.xml:2810:27: error: element "testList" not allowed anywhere; expected the element end-tag, text, element "_", "assignable", "choice", "comment", "ctr", "depends", "endnote", "equation", "evidence", "external-doc", "figure", "if-opt-app", "implements", "no-link", "provides", "refinement", "requires", "rule", "selectables", "snip", "subaactivity", "test-obj", "testlist" or "xref" or an element from another namespace
/home/runner/work/application/application/output/effective.xml:2812:43: error: element "testList" not allowed anywhere; expected the element end-tag, text, element "_", "assignable", "choice", "comment", "ctr", "depends", "endnote", "equation", "evidence", "external-doc", "figure", "if-opt-app", "implements", "no-link", "provides", "refinement", "requires", "rule", "selectables", "snip", "subaactivity", "test-obj", "testlist" or "xref" or an element from another namespace
/home/runner/work/application/application/output/effective.xml:2814:27: error: element "testList" not allowed anywhere; expected the element end-tag, text, element "_", "assignable", "choice", "comment", "ctr", "depends", "endnote", "equation", "evidence", "external-doc", "figure", "if-opt-app", "implements", "no-link", "provides", "refinement", "requires", "rule", "selectables", "snip", "subaactivity", "test-obj", "testlist" or "xref" or an element from another namespace
/home/runner/work/application/application/output/effective.xml:2819:85: error: element "testList" not allowed anywhere; expected the element end-tag, text, element "_", "assignable", "choice", "comment", "ctr", "depends", "endnote", "equation", "evidence", "external-doc", "figure", "if-opt-app", "implements", "no-link", "provides", "refinement", "requires", "rule", "selectables", "snip", "subaactivity", "test-obj", "testlist" or "xref" or an element from another namespace
/home/runner/work/application/application/output/effective.xml:2821:27: error: element "testList" not allowed anywhere; expected the element end-tag, text, element "_", "assignable", "choice", "comment", "ctr", "depends", "endnote", "equation", "evidence", "external-doc", "figure", "if-opt-app", "implements", "no-link", "provides", "refinement", "requires", "rule", "selectables", "snip", "subaactivity", "test-obj", "testlist" or "xref" or an element from another namespace
/home/runner/work/application/application/output/effective.xml:2823:43: error: element "testList" not allowed anywhere; expected the element end-tag, text, element "_", "assignable", "choice", "comment", "ctr", "depends", "endnote", "equation", "evidence", "external-doc", "figure", "if-opt-app", "implements", "no-link", "provides", "refinement", "requires", "rule", "selectables", "snip", "subaactivity", "test-obj", "testlist" or "xref" or an element from another namespace
/home/runner/work/application/application/output/effective.xml:2825:27: error: element "testList" not allowed anywhere; expected the element end-tag, text, element "_", "assignable", "choice", "comment", "ctr", "depends", "endnote", "equation", "evidence", "external-doc", "figure", "if-opt-app", "implements", "no-link", "provides", "refinement", "requires", "rule", "selectables", "snip", "subaactivity", "test-obj", "testlist" or "xref" or an element from another namespace
/home/runner/work/application/application/output/effective.xml:2827:70: error: element "testList" not allowed anywhere; expected the element end-tag, text, element "_", "assignable", "choice", "comment", "ctr", "depends", "endnote", "equation", "evidence", "external-doc", "figure", "if-opt-app", "implements", "no-link", "provides", "refinement", "requires", "rule", "selectables", "snip", "subaactivity", "test-obj", "testlist" or "xref" or an element from another namespace
/home/runner/work/application/application/output/effective.xml:2842:27: error: element "testList" not allowed anywhere; expected the element end-tag, text, element "_", "assignable", "choice", "comment", "ctr", "depends", "endnote", "equation", "evidence", "external-doc", "figure", "if-opt-app", "implements", "no-link", "provides", "refinement", "requires", "rule", "selectables", "snip", "subaactivity", "test-obj", "testlist" or "xref" or an element from another namespace
/home/runner/work/application/application/output/effective.xml:2845:35: error: element "testList" not allowed anywhere; expected the element end-tag, text, element "_", "assignable", "choice", "comment", "ctr", "depends", "endnote", "equation", "evidence", "external-doc", "figure", "if-opt-app", "implements", "no-link", "provides", "refinement", "requires", "rule", "selectables", "snip", "subaactivity", "test-obj", "testlist" or "xref" or an element from another namespace
/home/runner/work/application/application/output/effective.xml:2847:27: error: element "testList" not allowed anywhere; expected the element end-tag, text, element "_", "assignable", "choice", "comment", "ctr", "depends", "endnote", "equation", "evidence", "external-doc", "figure", "if-opt-app", "implements", "no-link", "provides", "refinement", "requires", "rule", "selectables", "snip", "subaactivity", "test-obj", "testlist" or "xref" or an element from another namespace
/home/runner/work/application/application/output/effective.xml:2854:47: error: element "testList" not allowed anywhere; expected the element end-tag, text, element "_", "assignable", "choice", "comment", "ctr", "depends", "endnote", "equation", "evidence", "external-doc", "figure", "if-opt-app", "implements", "no-link", "provides", "refinement", "requires", "rule", "selectables", "snip", "subaactivity", "test-obj", "testlist" or "xref" or an element from another namespace
/home/runner/work/application/application/output/effective.xml:2856:27: error: element "testList" not allowed anywhere; expected the element end-tag, text, element "_", "assignable", "choice", "comment", "ctr", "depends", "endnote", "equation", "evidence", "external-doc", "figure", "if-opt-app", "implements", "no-link", "provides", "refinement", "requires", "rule", "selectables", "snip", "subaactivity", "test-obj", "testlist" or "xref" or an element from another namespace
/home/runner/work/application/application/output/effective.xml:2859:35: error: element "testList" not allowed anywhere; expected the element end-tag, text, element "_", "assignable", "choice", "comment", "ctr", "depends", "endnote", "equation", "evidence", "external-doc", "figure", "if-opt-app", "implements", "no-link", "provides", "refinement", "requires", "rule", "selectables", "snip", "subaactivity", "test-obj", "testlist" or "xref" or an element from another namespace
/home/runner/work/application/application/output/effective.xml:2861:27: error: element "testList" not allowed anywhere; expected the element end-tag, text, element "_", "assignable", "choice", "comment", "ctr", "depends", "endnote", "equation", "evidence", "external-doc", "figure", "if-opt-app", "implements", "no-link", "provides", "refinement", "requires", "rule", "selectables", "snip", "subaactivity", "test-obj", "testlist" or "xref" or an element from another namespace
/home/runner/work/application/application/output/effective.xml:2868:47: error: element "testList" not allowed anywhere; expected the element end-tag, text, element "_", "assignable", "choice", "comment", "ctr", "depends", "endnote", "equation", "evidence", "external-doc", "figure", "if-opt-app", "implements", "no-link", "provides", "refinement", "requires", "rule", "selectables", "snip", "subaactivity", "test-obj", "testlist" or "xref" or an element from another namespace
/home/runner/work/application/application/output/effective.xml:2870:27: error: element "testList" not allowed anywhere; expected the element end-tag, text, element "_", "assignable", "choice", "comment", "ctr", "depends", "endnote", "equation", "evidence", "external-doc", "figure", "if-opt-app", "implements", "no-link", "provides", "refinement", "requires", "rule", "selectables", "snip", "subaactivity", "test-obj", "testlist" or "xref" or an element from another namespace
/home/runner/work/application/application/output/effective.xml:2877:47: error: element "testList" not allowed anywhere; expected the element end-tag, text, element "_", "assignable", "choice", "comment", "ctr", "depends", "endnote", "equation", "evidence", "external-doc", "figure", "if-opt-app", "implements", "no-link", "provides", "refinement", "requires", "rule", "selectables", "snip", "subaactivity", "test-obj", "testlist" or "xref" or an element from another namespace
/home/runner/work/application/application/output/effective.xml:2879:27: error: element "testList" not allowed anywhere; expected the element end-tag, text, element "_", "assignable", "choice", "comment", "ctr", "depends", "endnote", "equation", "evidence", "external-doc", "figure", "if-opt-app", "implements", "no-link", "provides", "refinement", "requires", "rule", "selectables", "snip", "subaactivity", "test-obj", "testlist" or "xref" or an element from another namespace
/home/runner/work/application/application/output/effective.xml:2886:47: error: element "testList" not allowed anywhere; expected the element end-tag, text, element "_", "assignable", "choice", "comment", "ctr", "depends", "endnote", "equation", "evidence", "external-doc", "figure", "if-opt-app", "implements", "no-link", "provides", "refinement", "requires", "rule", "selectables", "snip", "subaactivity", "test-obj", "testlist" or "xref" or an element from another namespace
/home/runner/work/application/application/output/effective.xml:2910:100: error: element "f-component" not allowed here; expected the element end-tag, text, element "_", "assignable", "choice", "comment", "ctr", "depends", "endnote", "equation", "external-doc", "figure", "if-opt-app", "implements", "no-link", "provides", "refinement", "requires", "rule", "section", "selectables", "snip", "testlist" or "xref" or an element from another namespace
/home/runner/work/application/application/output/effective.xml:2945:27: error: element "testList" not allowed anywhere; expected the element end-tag, text, element "_", "assignable", "choice", "comment", "ctr", "depends", "endnote", "equation", "evidence", "external-doc", "figure", "if-opt-app", "implements", "no-link", "provides", "refinement", "requires", "rule", "selectables", "snip", "subaactivity", "test-obj", "testlist" or "xref" or an element from another namespace
/home/runner/work/application/application/output/effective.xml:2955:15: error: element "testList" not allowed anywhere; expected the element end-tag, text, element "_", "assignable", "choice", "comment", "ctr", "depends", "endnote", "equation", "evidence", "external-doc", "figure", "if-opt-app", "implements", "no-link", "provides", "refinement", "requires", "rule", "selectables", "snip", "subaactivity", "test-obj", "testlist" or "xref" or an element from another namespace
/home/runner/work/application/application/output/effective.xml:2961:15: error: element "testList" not allowed anywhere; expected the element end-tag, text, element "_", "assignable", "choice", "comment", "ctr", "depends", "endnote", "equation", "evidence", "external-doc", "figure", "if-opt-app", "implements", "no-link", "provides", "refinement", "requires", "rule", "selectables", "snip", "subaactivity", "test-obj", "testlist" or "xref" or an element from another namespace
/home/runner/work/application/application/output/effective.xml:2969:15: error: element "testList" not allowed anywhere; expected the element end-tag, text, element "_", "assignable", "choice", "comment", "ctr", "depends", "endnote", "equation", "evidence", "external-doc", "figure", "if-opt-app", "implements", "no-link", "provides", "refinement", "requires", "rule", "selectables", "snip", "subaactivity", "test-obj", "testlist" or "xref" or an element from another namespace
/home/runner/work/application/application/output/effective.xml:2971:27: error: element "testList" not allowed anywhere; expected the element end-tag, text, element "_", "assignable", "choice", "comment", "ctr", "depends", "endnote", "equation", "evidence", "external-doc", "figure", "if-opt-app", "implements", "no-link", "provides", "refinement", "requires", "rule", "selectables", "snip", "subaactivity", "test-obj", "testlist" or "xref" or an element from another namespace
/home/runner/work/application/application/output/effective.xml:2978:15: error: element "testList" not allowed anywhere; expected the element end-tag, text, element "_", "assignable", "choice", "comment", "ctr", "depends", "endnote", "equation", "evidence", "external-doc", "figure", "if-opt-app", "implements", "no-link", "provides", "refinement", "requires", "rule", "selectables", "snip", "subaactivity", "test-obj", "testlist" or "xref" or an element from another namespace
/home/runner/work/application/application/output/effective.xml:2980:27: error: element "testList" not allowed anywhere; expected the element end-tag, text, element "_", "assignable", "choice", "comment", "ctr", "depends", "endnote", "equation", "evidence", "external-doc", "figure", "if-opt-app", "implements", "no-link", "provides", "refinement", "requires", "rule", "selectables", "snip", "subaactivity", "test-obj", "testlist" or "xref" or an element from another namespace
/home/runner/work/application/application/output/effective.xml:2986:15: error: element "testList" not allowed anywhere; expected the element end-tag, text, element "_", "assignable", "choice", "comment", "ctr", "depends", "endnote", "equation", "evidence", "external-doc", "figure", "if-opt-app", "implements", "no-link", "provides", "refinement", "requires", "rule", "selectables", "snip", "subaactivity", "test-obj", "testlist" or "xref" or an element from another namespace
/home/runner/work/application/application/output/effective.xml:2995:80: error: element "appendix" not allowed yet; expected element "section" or an element from another namespace
