/home/runner/work/application/application/input/application.xml:411:10: error: element "roles" not allowed anywhere; expected the element end-tag, text, element "_", "assignable", "choice", "comment", "ctr", "depends", "endnote", "equation", "external-doc", "figure", "if-opt-app", "implements", "no-link", "provides", "refinement", "requires", "role", "rule", "section", "selectables", "snip", "testlist" or "xref" or an element from another namespace
/home/runner/work/application/application/input/application.xml:416:11: error: element "roles" not allowed anywhere; expected the element end-tag, text, element "_", "assignable", "choice", "comment", "ctr", "depends", "endnote", "equation", "external-doc", "figure", "if-opt-app", "implements", "no-link", "provides", "refinement", "requires", "role", "rule", "section", "selectables", "snip", "testlist" or "xref" or an element from another namespace
/home/runner/work/application/application/input/application.xml:422:11: error: element "roles" not allowed anywhere; expected the element end-tag, text, element "_", "assignable", "choice", "comment", "ctr", "depends", "endnote", "equation", "external-doc", "figure", "if-opt-app", "implements", "no-link", "provides", "refinement", "requires", "role", "rule", "section", "selectables", "snip", "testlist" or "xref" or an element from another namespace
/home/runner/work/application/application/input/application.xml:428:11: error: element "roles" not allowed anywhere; expected the element end-tag, text, element "_", "assignable", "choice", "comment", "ctr", "depends", "endnote", "equation", "external-doc", "figure", "if-opt-app", "implements", "no-link", "provides", "refinement", "requires", "role", "rule", "section", "selectables", "snip", "testlist" or "xref" or an element from another namespace
